#
# There is insufficient memory for the Java Runtime Environment to continue.
# Native memory allocation (malloc) failed to allocate 32744 bytes for Chunk::new
# Possible reasons:
#   The system is out of physical RAM or swap space
#   The process is running with CompressedOops enabled, and the Java Heap may be blocking the growth of the native heap
# Possible solutions:
#   Reduce memory load on the system
#   Increase physical memory or swap space
#   Check if swap backing store is full
#   Decrease Java heap size (-Xmx/-Xms)
#   Decrease number of Java threads
#   Decrease Java thread stack sizes (-Xss)
#   Set larger code cache with -XX:ReservedCodeCacheSize=
#   JVM is running with Unscaled Compressed Oops mode in which the Java heap is
#     placed in the first 4GB address space. The Java Heap base address is the
#     maximum limit for the native heap growth. Please use -XX:HeapBaseMinAddress
#     to set the Java Heap base and to place the Java Heap above 4GB virtual address.
# This output file may be truncated or incomplete.
#
#  Out of Memory Error (arena.cpp:184), pid=69748, tid=54440
#
# JRE version: Java(TM) SE Runtime Environment (20.0+36) (build 20+36-2344)
# Java VM: Java HotSpot(TM) 64-Bit Server VM (20+36-2344, mixed mode, emulated-client, sharing, tiered, compressed oops, compressed class ptrs, g1 gc, windows-amd64)
# No core dump will be written. Minidumps are not enabled by default on client versions of Windows
#

---------------  S U M M A R Y ------------

Command Line: -XX:TieredStopAtLevel=1 -Dspring.output.ansi.enabled=always -Dcom.sun.management.jmxremote -Dspring.jmx.enabled=true -Dspring.liveBeansView.mbeanDomain -Dspring.application.admin.enabled=true -Dmanagement.endpoints.jmx.exposure.include=* -javaagent:C:\Program Files\JetBrains\IntelliJ IDEA 2023.3.6\lib\idea_rt.jar=57761:C:\Program Files\JetBrains\IntelliJ IDEA 2023.3.6\bin -Dfile.encoding=UTF-8 -Dsun.stdout.encoding=UTF-8 -Dsun.stderr.encoding=UTF-8 hsid.demo.HSID_Backend.HsidBackendApplication

Host: 11th Gen Intel(R) Core(TM) i7-1165G7 @ 2.80GHz, 8 cores, 7G,  Windows 10 , 64 bit Build 19041 (10.0.19041.4597)
Time: Mon Aug 19 15:19:48 2024 Maroc (heure d64 bit Build 19041 (10.0.19041.4597) elapsed time: 15991.279892 seconds (0d 4h 26m 31s)

---------------  T H R E A D  ---------------

Current thread (0x000002f7c31e8720):  JavaThread "C1 CompilerThread0" daemon [_thread_in_native, id=54440, stack(0x000000fb25e00000,0x000000fb25f00000)]


Current CompileTask:
C1:15991280 10508       1       org.postgresql.shaded.com.ongres.stringprep.StringPrep::unassignedCodePoints (4322 bytes)

Stack: [0x000000fb25e00000,0x000000fb25f00000]
Native frames: (J=compiled Java code, j=interpreted, Vv=VM code, C=native code)
V  [jvm.dll+0x6bb95a]
V  [jvm.dll+0x8483aa]
V  [jvm.dll+0x849fa5]
V  [jvm.dll+0x84a6a3]
V  [jvm.dll+0x280b0f]
V  [jvm.dll+0xc2b11]
V  [jvm.dll+0xc2e35]
V  [jvm.dll+0x1413fe]
V  [jvm.dll+0x1407b7]
V  [jvm.dll+0x1a4e26]
V  [jvm.dll+0x1a685d]
V  [jvm.dll+0x1a5efa]
V  [jvm.dll+0x16e1db]
V  [jvm.dll+0x157f24]
V  [jvm.dll+0x1580c3]
V  [jvm.dll+0x158384]
V  [jvm.dll+0x1577c6]
V  [jvm.dll+0x1594fd]
V  [jvm.dll+0x259e1b]
V  [jvm.dll+0x2584f0]
V  [jvm.dll+0x3f2895]
V  [jvm.dll+0x7f4906]
V  [jvm.dll+0x6ba5cb]
C  [ucrtbase.dll+0x21bb2]
C  [KERNEL32.DLL+0x17374]
C  [ntdll.dll+0x4cc91]


---------------  P R O C E S S  ---------------

Threads class SMR info:
_java_thread_list=0x000002f7c9269cd0, length=33, elements={
0x000002f7c31d6ee0, 0x000002f7c31d7e80, 0x000002f7c31db1a0, 0x000002f7c31ddea0,
0x000002f7c31dfa80, 0x000002f7c31e34d0, 0x000002f7c31e8720, 0x000002f7c31a20c0,
0x000002f7c7816140, 0x000002f7c7816690, 0x000002f7c7a0a3f0, 0x000002f7c8cee230,
0x000002f7c8e43700, 0x000002f7c8e44c40, 0x000002f7c8e446f0, 0x000002f7c8e45c30,
0x000002f7c8e42c60, 0x000002f7c8e441a0, 0x000002f7c8e456e0, 0x000002f7c8e431b0,
0x000002f7c8e43c50, 0x000002f7c8e45190, 0x000002f7c8e46180, 0x000002f7c8e61c40,
0x000002f7c8e5e1d0, 0x000002f7c8e5bca0, 0x000002f7c8e5e720, 0x000002f7c8e5ec70,
0x000002f7c8e5d1e0, 0x000002f7c8e5cc90, 0x000002f7c8e611a0, 0x000002f7c8e60c50,
0x000002f7c9c8a070
}

Java Threads: ( => current thread )
  0x000002f7c31d6ee0 JavaThread "Reference Handler" daemon [_thread_blocked, id=67096, stack(0x000000fb25800000,0x000000fb25900000)]
  0x000002f7c31d7e80 JavaThread "Finalizer" daemon [_thread_blocked, id=44776, stack(0x000000fb25900000,0x000000fb25a00000)]
  0x000002f7c31db1a0 JavaThread "Signal Dispatcher" daemon [_thread_blocked, id=32316, stack(0x000000fb25a00000,0x000000fb25b00000)]
  0x000002f7c31ddea0 JavaThread "Attach Listener" daemon [_thread_blocked, id=62848, stack(0x000000fb25b00000,0x000000fb25c00000)]
  0x000002f7c31dfa80 JavaThread "Service Thread" daemon [_thread_blocked, id=12912, stack(0x000000fb25c00000,0x000000fb25d00000)]
  0x000002f7c31e34d0 JavaThread "Monitor Deflation Thread" daemon [_thread_blocked, id=70312, stack(0x000000fb25d00000,0x000000fb25e00000)]
=>0x000002f7c31e8720 JavaThread "C1 CompilerThread0" daemon [_thread_in_native, id=54440, stack(0x000000fb25e00000,0x000000fb25f00000)]
  0x000002f7c31a20c0 JavaThread "Common-Cleaner" daemon [_thread_blocked, id=53284, stack(0x000000fb25f00000,0x000000fb26000000)]
  0x000002f7c7816140 JavaThread "Monitor Ctrl-Break" daemon [_thread_in_native, id=13968, stack(0x000000fb26100000,0x000000fb26200000)]
  0x000002f7c7816690 JavaThread "Notification Thread" daemon [_thread_blocked, id=56740, stack(0x000000fb26200000,0x000000fb26300000)]
  0x000002f7c7a0a3f0 JavaThread "RMI TCP Accept-0" daemon [_thread_in_native, id=44872, stack(0x000000fb26300000,0x000000fb26400000)]
  0x000002f7c8cee230 JavaThread "RMI Scheduler(0)" daemon [_thread_blocked, id=60804, stack(0x000000fb26e00000,0x000000fb26f00000)]
  0x000002f7c8e43700 JavaThread "Catalina-utility-1" [_thread_blocked, id=51380, stack(0x000000fb26f00000,0x000000fb27000000)]
  0x000002f7c8e44c40 JavaThread "Catalina-utility-2" [_thread_blocked, id=68624, stack(0x000000fb27000000,0x000000fb27100000)]
  0x000002f7c8e446f0 JavaThread "http-nio-8080-exec-1" daemon [_thread_blocked, id=54016, stack(0x000000fb27100000,0x000000fb27200000)]
  0x000002f7c8e45c30 JavaThread "http-nio-8080-exec-2" daemon [_thread_blocked, id=41804, stack(0x000000fb27200000,0x000000fb27300000)]
  0x000002f7c8e42c60 JavaThread "http-nio-8080-exec-3" daemon [_thread_blocked, id=3560, stack(0x000000fb27300000,0x000000fb27400000)]
  0x000002f7c8e441a0 JavaThread "http-nio-8080-exec-4" daemon [_thread_blocked, id=61036, stack(0x000000fb27400000,0x000000fb27500000)]
  0x000002f7c8e456e0 JavaThread "http-nio-8080-exec-5" daemon [_thread_blocked, id=67928, stack(0x000000fb27500000,0x000000fb27600000)]
  0x000002f7c8e431b0 JavaThread "http-nio-8080-exec-6" daemon [_thread_blocked, id=63364, stack(0x000000fb27600000,0x000000fb27700000)]
  0x000002f7c8e43c50 JavaThread "http-nio-8080-exec-7" daemon [_thread_blocked, id=38132, stack(0x000000fb27700000,0x000000fb27800000)]
  0x000002f7c8e45190 JavaThread "http-nio-8080-exec-8" daemon [_thread_blocked, id=20600, stack(0x000000fb27800000,0x000000fb27900000)]
  0x000002f7c8e46180 JavaThread "http-nio-8080-exec-9" daemon [_thread_blocked, id=58088, stack(0x000000fb27900000,0x000000fb27a00000)]
  0x000002f7c8e61c40 JavaThread "http-nio-8080-exec-10" daemon [_thread_blocked, id=70192, stack(0x000000fb27a00000,0x000000fb27b00000)]
  0x000002f7c8e5e1d0 JavaThread "container-0" [_thread_blocked, id=67100, stack(0x000000fb27b00000,0x000000fb27c00000)]
  0x000002f7c8e5bca0 JavaThread "PostgreSQL-JDBC-Cleaner" daemon [_thread_blocked, id=68328, stack(0x000000fb27d00000,0x000000fb27e00000)]
  0x000002f7c8e5e720 JavaThread "HikariPool-1 housekeeper" daemon [_thread_blocked, id=55528, stack(0x000000fb27e00000,0x000000fb27f00000)]
  0x000002f7c8e5ec70 JavaThread "http-nio-8080-Poller" daemon [_thread_in_native, id=56964, stack(0x000000fb28000000,0x000000fb28100000)]
  0x000002f7c8e5d1e0 JavaThread "http-nio-8080-Acceptor" daemon [_thread_in_native, id=68932, stack(0x000000fb28100000,0x000000fb28200000)]
  0x000002f7c8e5cc90 JavaThread "DestroyJavaVM" [_thread_blocked, id=57844, stack(0x000000fb25100000,0x000000fb25200000)]
  0x000002f7c8e611a0 JavaThread "HikariPool-1 connection closer" daemon [_thread_blocked, id=55616, stack(0x000000fb24e00000,0x000000fb24f00000)]
  0x000002f7c8e60c50 JavaThread "HikariPool-1 connection adder" daemon [_thread_in_native, id=50348, stack(0x000000fb24f00000,0x000000fb25000000)]
  0x000002f7c9c8a070 JavaThread "C1 CompilerThread1" daemon [_thread_in_native, id=51600, stack(0x000000fb26000000,0x000000fb26100000)]

Other Threads:
  0x000002f7c31b7460 VMThread "VM Thread" [stack: 0x000000fb25700000,0x000000fb25800000] [id=69072]
  0x000002f7c7a088b0 WatcherThread "VM Periodic Task Thread" [stack: 0x000000fb26400000,0x000000fb26500000] [id=66264]
  0x000002f7b0aeef90 WorkerThread "GC Thread#0" [stack: 0x000000fb25200000,0x000000fb25300000] [id=51860]
  0x000002f7c7da8650 WorkerThread "GC Thread#1" [stack: 0x000000fb26500000,0x000000fb26600000] [id=62644]
  0x000002f7c7da8920 WorkerThread "GC Thread#2" [stack: 0x000000fb26600000,0x000000fb26700000] [id=43828]
  0x000002f7c7de7be0 WorkerThread "GC Thread#3" [stack: 0x000000fb26700000,0x000000fb26800000] [id=63672]
  0x000002f7c7ddfd60 WorkerThread "GC Thread#4" [stack: 0x000000fb26800000,0x000000fb26900000] [id=55820]
  0x000002f7c7de0030 WorkerThread "GC Thread#5" [stack: 0x000000fb26900000,0x000000fb26a00000] [id=46172]
  0x000002f7c7e4b860 WorkerThread "GC Thread#6" [stack: 0x000000fb26a00000,0x000000fb26b00000] [id=36100]
  0x000002f7c7e4bb30 WorkerThread "GC Thread#7" [stack: 0x000000fb26b00000,0x000000fb26c00000] [id=69200]
  0x000002f7b0aff980 ConcurrentGCThread "G1 Main Marker" [stack: 0x000000fb25300000,0x000000fb25400000] [id=53940]
  0x000002f7b0b013c0 WorkerThread "G1 Conc#0" [stack: 0x000000fb25400000,0x000000fb25500000] [id=2332]
  0x000002f7c7e4a780 WorkerThread "G1 Conc#1" [stack: 0x000000fb26c00000,0x000000fb26d00000] [id=67524]
  0x000002f7b0b4d440 ConcurrentGCThread "G1 Refine#0" [stack: 0x000000fb25500000,0x000000fb25600000] [id=30100]
  0x000002f7b0b4dee0 ConcurrentGCThread "G1 Service" [stack: 0x000000fb25600000,0x000000fb25700000] [id=66416]

Threads with active compile tasks:
C1 CompilerThread0  15991342 10508       1       org.postgresql.shaded.com.ongres.stringprep.StringPrep::unassignedCodePoints (4322 bytes)
C1 CompilerThread1  15991342 10510       1       org.postgresql.shaded.com.ongres.stringprep.StringPrep::bidirectionalPropertyL (4565 bytes)

VM state: not at safepoint (normal execution)

VM Mutex/Monitor currently owned by a thread: None

Heap address: 0x0000000083600000, size: 1994 MB, Compressed Oops mode: 32-bit

CDS archive(s) mapped at: [0x0000000800000000-0x0000000800c60000-0x0000000800c60000), size 12976128, SharedBaseAddress: 0x0000000800000000, ArchiveRelocationMode: 0.
Compressed class space mapped at: 0x0000000801000000-0x0000000841000000, reserved size: 1073741824
Narrow klass base: 0x0000000800000000, Narrow klass shift: 0, Narrow klass range: 0x100000000

GC Precious Log:
 CardTable entry size: 512
 Card Set container configuration: InlinePtr #cards 5 size 8 Array Of Cards #cards 12 size 40 Howl #buckets 4 coarsen threshold 1843 Howl Bitmap #cards 512 size 80 coarsen threshold 460 Card regions per heap region 1 cards per card region 2048
 CPUs: 8 total, 8 available
 Memory: 7975M
 Large Page Support: Disabled
 NUMA Support: Disabled
 Compressed Oops: Enabled (32-bit)
 Heap Region Size: 1M
 Heap Min Capacity: 8M
 Heap Initial Capacity: 126M
 Heap Max Capacity: 1994M
 Pre-touch: Disabled
 Parallel Workers: 8
 Concurrent Workers: 2
 Concurrent Refinement Workers: 8
 Periodic GC: Disabled

Heap:
 garbage-first heap   total 56320K, used 29917K [0x0000000083600000, 0x0000000100000000)
  region size 1024K, 3 young (3072K), 2 survivors (2048K)
 Metaspace       used 66075K, committed 67136K, reserved 1114112K
  class space    used 9323K, committed 9792K, reserved 1048576K

Heap Regions: E=young(eden), S=young(survivor), O=old, HS=humongous(starts), HC=humongous(continues), CS=collection set, F=free, OA=open archive, CA=closed archive, TAMS=top-at-mark-start, PB=parsable bottom
|   0|0x0000000083600000, 0x0000000083700000, 0x0000000083700000|100%|HS|  |TAMS 0x0000000083600000| PB 0x0000000083600000| Complete 
|   1|0x0000000083700000, 0x0000000083800000, 0x0000000083800000|100%| O|  |TAMS 0x0000000083700000| PB 0x0000000083700000| Untracked 
|   2|0x0000000083800000, 0x0000000083900000, 0x0000000083900000|100%| O|  |TAMS 0x0000000083800000| PB 0x0000000083800000| Untracked 
|   3|0x0000000083900000, 0x0000000083a00000, 0x0000000083a00000|100%| O|  |TAMS 0x0000000083900000| PB 0x0000000083900000| Untracked 
|   4|0x0000000083a00000, 0x0000000083b00000, 0x0000000083b00000|100%| O|  |TAMS 0x0000000083a00000| PB 0x0000000083a00000| Untracked 
|   5|0x0000000083b00000, 0x0000000083c00000, 0x0000000083c00000|100%| O|  |TAMS 0x0000000083b00000| PB 0x0000000083b00000| Untracked 
|   6|0x0000000083c00000, 0x0000000083d00000, 0x0000000083d00000|100%| O|  |TAMS 0x0000000083c00000| PB 0x0000000083c00000| Untracked 
|   7|0x0000000083d00000, 0x0000000083e00000, 0x0000000083e00000|100%| O|  |TAMS 0x0000000083d00000| PB 0x0000000083d00000| Untracked 
|   8|0x0000000083e00000, 0x0000000083f00000, 0x0000000083f00000|100%| O|  |TAMS 0x0000000083e00000| PB 0x0000000083e00000| Untracked 
|   9|0x0000000083f00000, 0x0000000084000000, 0x0000000084000000|100%| O|  |TAMS 0x0000000083f00000| PB 0x0000000083f00000| Untracked 
|  10|0x0000000084000000, 0x0000000084100000, 0x0000000084100000|100%| O|  |TAMS 0x0000000084000000| PB 0x0000000084000000| Untracked 
|  11|0x0000000084100000, 0x0000000084200000, 0x0000000084200000|100%| O|  |TAMS 0x0000000084100000| PB 0x0000000084100000| Untracked 
|  12|0x0000000084200000, 0x000000008422f400, 0x0000000084300000| 18%| O|  |TAMS 0x0000000084200000| PB 0x0000000084200000| Untracked 
|  13|0x0000000084300000, 0x0000000084400000, 0x0000000084400000|100%| O|  |TAMS 0x0000000084300000| PB 0x0000000084300000| Untracked 
|  14|0x0000000084400000, 0x0000000084500000, 0x0000000084500000|100%| O|  |TAMS 0x0000000084400000| PB 0x0000000084400000| Untracked 
|  15|0x0000000084500000, 0x0000000084600000, 0x0000000084600000|100%| O|  |TAMS 0x0000000084500000| PB 0x0000000084500000| Complete 
|  16|0x0000000084600000, 0x0000000084600000, 0x0000000084700000|  0%| F|  |TAMS 0x0000000084600000| PB 0x0000000084600000| Untracked 
|  17|0x0000000084700000, 0x0000000084700000, 0x0000000084800000|  0%| F|  |TAMS 0x0000000084700000| PB 0x0000000084700000| Untracked 
|  18|0x0000000084800000, 0x0000000084900000, 0x0000000084900000|100%| O|  |TAMS 0x0000000084800000| PB 0x0000000084800000| Complete 
|  19|0x0000000084900000, 0x0000000084a00000, 0x0000000084a00000|100%| O|  |TAMS 0x0000000084900000| PB 0x0000000084900000| Complete 
|  20|0x0000000084a00000, 0x0000000084b00000, 0x0000000084b00000|100%| O|  |TAMS 0x0000000084a00000| PB 0x0000000084a00000| Untracked 
|  21|0x0000000084b00000, 0x0000000084b00000, 0x0000000084c00000|  0%| F|  |TAMS 0x0000000084b00000| PB 0x0000000084b00000| Untracked 
|  22|0x0000000084c00000, 0x0000000084d00000, 0x0000000084d00000|100%| O|  |TAMS 0x0000000084c00000| PB 0x0000000084c00000| Untracked 
|  23|0x0000000084d00000, 0x0000000084e00000, 0x0000000084e00000|100%| O|  |TAMS 0x0000000084d00000| PB 0x0000000084d00000| Untracked 
|  24|0x0000000084e00000, 0x0000000084f00000, 0x0000000084f00000|100%| O|  |TAMS 0x0000000084e00000| PB 0x0000000084e00000| Untracked 
|  25|0x0000000084f00000, 0x0000000085000000, 0x0000000085000000|100%| O|  |TAMS 0x0000000084f00000| PB 0x0000000084f00000| Untracked 
|  26|0x0000000085000000, 0x00000000850081c0, 0x0000000085100000|  3%| S|CS|TAMS 0x0000000085000000| PB 0x0000000085000000| Complete 
|  27|0x0000000085100000, 0x0000000085200000, 0x0000000085200000|100%| O|  |TAMS 0x0000000085100000| PB 0x0000000085100000| Complete 
|  28|0x0000000085200000, 0x0000000085200000, 0x0000000085300000|  0%| F|  |TAMS 0x0000000085200000| PB 0x0000000085200000| Untracked 
|  29|0x0000000085300000, 0x0000000085400000, 0x0000000085400000|100%| O|  |TAMS 0x0000000085300000| PB 0x0000000085300000| Untracked 
|  30|0x0000000085400000, 0x0000000085500000, 0x0000000085500000|100%| O|  |TAMS 0x0000000085400000| PB 0x0000000085400000| Untracked 
|  31|0x0000000085500000, 0x0000000085600000, 0x0000000085600000|100%| O|  |TAMS 0x0000000085500000| PB 0x0000000085500000| Untracked 
|  32|0x0000000085600000, 0x0000000085700000, 0x0000000085700000|100%| O|  |TAMS 0x0000000085600000| PB 0x0000000085600000| Complete 
|  33|0x0000000085700000, 0x0000000085800000, 0x0000000085800000|100%| O|  |TAMS 0x0000000085700000| PB 0x0000000085700000| Untracked 
|  34|0x0000000085800000, 0x0000000085900000, 0x0000000085900000|100%| S|CS|TAMS 0x0000000085800000| PB 0x0000000085800000| Complete 
|  35|0x0000000085900000, 0x0000000085900000, 0x0000000085a00000|  0%| F|  |TAMS 0x0000000085900000| PB 0x0000000085900000| Untracked 
|  36|0x0000000085a00000, 0x0000000085a00000, 0x0000000085b00000|  0%| F|  |TAMS 0x0000000085a00000| PB 0x0000000085a00000| Untracked 
|  37|0x0000000085b00000, 0x0000000085b00000, 0x0000000085c00000|  0%| F|  |TAMS 0x0000000085b00000| PB 0x0000000085b00000| Untracked 
|  38|0x0000000085c00000, 0x0000000085c00000, 0x0000000085d00000|  0%| F|  |TAMS 0x0000000085c00000| PB 0x0000000085c00000| Untracked 
|  39|0x0000000085d00000, 0x0000000085d00000, 0x0000000085e00000|  0%| F|  |TAMS 0x0000000085d00000| PB 0x0000000085d00000| Untracked 
|  40|0x0000000085e00000, 0x0000000085e00000, 0x0000000085f00000|  0%| F|  |TAMS 0x0000000085e00000| PB 0x0000000085e00000| Untracked 
|  41|0x0000000085f00000, 0x0000000085f00000, 0x0000000086000000|  0%| F|  |TAMS 0x0000000085f00000| PB 0x0000000085f00000| Untracked 
|  42|0x0000000086000000, 0x0000000086000000, 0x0000000086100000|  0%| F|  |TAMS 0x0000000086000000| PB 0x0000000086000000| Untracked 
|  43|0x0000000086100000, 0x0000000086100000, 0x0000000086200000|  0%| F|  |TAMS 0x0000000086100000| PB 0x0000000086100000| Untracked 
|  44|0x0000000086200000, 0x0000000086200000, 0x0000000086300000|  0%| F|  |TAMS 0x0000000086200000| PB 0x0000000086200000| Untracked 
|  45|0x0000000086300000, 0x0000000086300000, 0x0000000086400000|  0%| F|  |TAMS 0x0000000086300000| PB 0x0000000086300000| Untracked 
|  46|0x0000000086400000, 0x0000000086400000, 0x0000000086500000|  0%| F|  |TAMS 0x0000000086400000| PB 0x0000000086400000| Untracked 
|  73|0x0000000087f00000, 0x0000000087f00000, 0x0000000088000000|  0%| F|  |TAMS 0x0000000087f00000| PB 0x0000000087f00000| Untracked 
|  74|0x0000000088000000, 0x0000000088000000, 0x0000000088100000|  0%| F|  |TAMS 0x0000000088000000| PB 0x0000000088000000| Untracked 
|  75|0x0000000088100000, 0x0000000088100000, 0x0000000088200000|  0%| F|  |TAMS 0x0000000088100000| PB 0x0000000088100000| Untracked 
|  76|0x0000000088200000, 0x0000000088200000, 0x0000000088300000|  0%| F|  |TAMS 0x0000000088200000| PB 0x0000000088200000| Untracked 
|  77|0x0000000088300000, 0x0000000088300000, 0x0000000088400000|  0%| F|  |TAMS 0x0000000088300000| PB 0x0000000088300000| Untracked 
|  78|0x0000000088400000, 0x0000000088400000, 0x0000000088500000|  0%| F|  |TAMS 0x0000000088400000| PB 0x0000000088400000| Untracked 
|  79|0x0000000088500000, 0x0000000088500000, 0x0000000088600000|  0%| F|  |TAMS 0x0000000088500000| PB 0x0000000088500000| Untracked 
| 125|0x000000008b300000, 0x000000008b3f95d0, 0x000000008b400000| 97%| E|  |TAMS 0x000000008b300000| PB 0x000000008b300000| Complete 

Card table byte_map: [0x000002f7be010000,0x000002f7be400000] _byte_map_base: 0x000002f7bdbf5000

Marking Bits: (CMBitMap*) 0x000002f7b0aef5c0
 Bits: [0x000002f7be7f0000, 0x000002f7c0718000)

Polling page: 0x000002f7b0b50000

Metaspace:

Usage:
  Non-class:     55.42 MB used.
      Class:      9.11 MB used.
       Both:     64.53 MB used.

Virtual space:
  Non-class space:       64.00 MB reserved,      56.00 MB ( 88%) committed,  1 nodes.
      Class space:        1.00 GB reserved,       9.56 MB ( <1%) committed,  1 nodes.
             Both:        1.06 GB reserved,      65.56 MB (  6%) committed. 

Chunk freelists:
   Non-Class:  3.46 MB
       Class:  2.58 MB
        Both:  6.03 MB

MaxMetaspaceSize: unlimited
CompressedClassSpaceSize: 1.00 GB
Initial GC threshold: 21.00 MB
Current GC threshold: 109.31 MB
CDS: on
MetaspaceReclaimPolicy: balanced
 - commit_granule_bytes: 65536.
 - commit_granule_words: 8192.
 - virtual_space_node_default_size: 8388608.
 - enlarge_chunks_in_place: 1.
 - new_chunks_are_fully_committed: 0.
 - uncommit_free_chunks: 1.
 - use_allocation_guard: 0.


Internal statistics:

num_allocs_failed_limit: 9.
num_arena_births: 1238.
num_arena_deaths: 420.
num_vsnodes_births: 2.
num_vsnodes_deaths: 0.
num_space_committed: 1049.
num_space_uncommitted: 0.
num_chunks_returned_to_freelist: 499.
num_chunks_taken_from_freelist: 3709.
num_chunk_merges: 140.
num_chunk_splits: 2591.
num_chunks_enlarged: 1980.
num_inconsistent_stats: 0.

CodeCache: size=49152Kb used=17198Kb max_used=17777Kb free=31953Kb
 bounds [0x000002f7ba330000, 0x000002f7bb510000, 0x000002f7bd330000]
 total_blobs=10047 nmethods=9364 adapters=605
 compilation: enabled
              stopped_count=0, restarted_count=0
 full_count=0

Compilation events (20 events):
Event: 15952.543 Thread 0x000002f7c31e8720 10500       1       org.postgresql.util.LazyCleaner$Node::access$002 (7 bytes)
Event: 15952.546 Thread 0x000002f7c31e8720 nmethod 10500 0x000002f7baa54110 code [0x000002f7baa542a0, 0x000002f7baa543a0]
Event: 15979.925 Thread 0x000002f7c31e8720 10501  s!   1       java.net.Socket::close (47 bytes)
Event: 15979.929 Thread 0x000002f7c31e8720 nmethod 10501 0x000002f7bb4f4c90 code [0x000002f7bb4f4e40, 0x000002f7bb4f51c8]
Event: 15991.251 Thread 0x000002f7c31e8720 10502       1       org.postgresql.shaded.com.ongres.stringprep.StringPrep::prohibitionPrivateUse (42 bytes)
Event: 15991.252 Thread 0x000002f7c31e8720 nmethod 10502 0x000002f7ba801110 code [0x000002f7ba801280, 0x000002f7ba801390]
Event: 15991.253 Thread 0x000002f7c31e8720 10503       1       org.postgresql.shaded.com.ongres.stringprep.StringPrep::prohibitionNonCharacterCodePoints (255 bytes)
Event: 15991.253 Thread 0x000002f7c9c8a070 10504       1       org.postgresql.shaded.com.ongres.stringprep.StringPrep::prohibitionSurrogateCodes (20 bytes)
Event: 15991.253 Thread 0x000002f7c9c8a070 nmethod 10504 0x000002f7ba808690 code [0x000002f7ba808800, 0x000002f7ba8088d8]
Event: 15991.253 Thread 0x000002f7c9c8a070 10505       1       org.postgresql.shaded.com.ongres.stringprep.StringPrep::prohibitionInappropriatePlainText (39 bytes)
Event: 15991.253 Thread 0x000002f7c9c8a070 nmethod 10505 0x000002f7ba808c90 code [0x000002f7ba808e00, 0x000002f7ba808ef8]
Event: 15991.254 Thread 0x000002f7c9c8a070 10506       1       org.postgresql.shaded.com.ongres.stringprep.StringPrep::prohibitionInappropriateCanonicalRepresentation (20 bytes)
Event: 15991.254 Thread 0x000002f7c9c8a070 nmethod 10506 0x000002f7ba809f10 code [0x000002f7ba80a080, 0x000002f7ba80a158]
Event: 15991.254 Thread 0x000002f7c9c8a070 10507       1       org.postgresql.shaded.com.ongres.stringprep.StringPrep::prohibitionTaggingCharacters (27 bytes)
Event: 15991.254 Thread 0x000002f7c31e8720 nmethod 10503 0x000002f7bb3d7f90 code [0x000002f7bb3d8100, 0x000002f7bb3d8378]
Event: 15991.254 Thread 0x000002f7c31e8720 10508       1       org.postgresql.shaded.com.ongres.stringprep.StringPrep::unassignedCodePoints (4322 bytes)
Event: 15991.254 Thread 0x000002f7c9c8a070 nmethod 10507 0x000002f7ba80cd10 code [0x000002f7ba80ce80, 0x000002f7ba80cf68]
Event: 15991.254 Thread 0x000002f7c9c8a070 10509       1       org.postgresql.shaded.com.ongres.stringprep.StringPrep::bidirectionalPropertyRorAL (405 bytes)
Event: 15991.255 Thread 0x000002f7c9c8a070 nmethod 10509 0x000002f7bb3d7a10 code [0x000002f7bb3d7b80, 0x000002f7bb3d7ef0]
Event: 15991.256 Thread 0x000002f7c9c8a070 10510       1       org.postgresql.shaded.com.ongres.stringprep.StringPrep::bidirectionalPropertyL (4565 bytes)

GC Heap History (20 events):
Event: 5.310 GC heap before
{Heap before GC invocations=11 (full 0):
 garbage-first heap   total 55296K, used 44593K [0x0000000083600000, 0x0000000100000000)
  region size 1024K, 26 young (26624K), 4 survivors (4096K)
 Metaspace       used 53255K, committed 54016K, reserved 1114112K
  class space    used 7518K, committed 7872K, reserved 1048576K
}
Event: 5.313 GC heap after
{Heap after GC invocations=12 (full 0):
 garbage-first heap   total 55296K, used 24033K [0x0000000083600000, 0x0000000100000000)
  region size 1024K, 3 young (3072K), 3 survivors (3072K)
 Metaspace       used 53255K, committed 54016K, reserved 1114112K
  class space    used 7518K, committed 7872K, reserved 1048576K
}
Event: 5.628 GC heap before
{Heap before GC invocations=12 (full 0):
 garbage-first heap   total 55296K, used 47585K [0x0000000083600000, 0x0000000100000000)
  region size 1024K, 26 young (26624K), 3 survivors (3072K)
 Metaspace       used 57093K, committed 57792K, reserved 1114112K
  class space    used 8017K, committed 8320K, reserved 1048576K
}
Event: 5.631 GC heap after
{Heap after GC invocations=13 (full 0):
 garbage-first heap   total 55296K, used 26722K [0x0000000083600000, 0x0000000100000000)
  region size 1024K, 4 young (4096K), 4 survivors (4096K)
 Metaspace       used 57093K, committed 57792K, reserved 1114112K
  class space    used 8017K, committed 8320K, reserved 1048576K
}
Event: 5.791 GC heap before
{Heap before GC invocations=13 (full 0):
 garbage-first heap   total 55296K, used 36962K [0x0000000083600000, 0x0000000100000000)
  region size 1024K, 16 young (16384K), 4 survivors (4096K)
 Metaspace       used 59471K, committed 60160K, reserved 1114112K
  class space    used 8346K, committed 8640K, reserved 1048576K
}
Event: 5.794 GC heap after
{Heap after GC invocations=14 (full 0):
 garbage-first heap   total 55296K, used 27586K [0x0000000083600000, 0x0000000100000000)
  region size 1024K, 1 young (1024K), 1 survivors (1024K)
 Metaspace       used 59471K, committed 60160K, reserved 1114112K
  class space    used 8346K, committed 8640K, reserved 1048576K
}
Event: 6.103 GC heap before
{Heap before GC invocations=15 (full 0):
 garbage-first heap   total 55296K, used 49090K [0x0000000083600000, 0x0000000100000000)
  region size 1024K, 22 young (22528K), 1 survivors (1024K)
 Metaspace       used 61552K, committed 62272K, reserved 1114112K
  class space    used 8718K, committed 9024K, reserved 1048576K
}
Event: 6.106 GC heap after
{Heap after GC invocations=16 (full 0):
 garbage-first heap   total 55296K, used 29767K [0x0000000083600000, 0x0000000100000000)
  region size 1024K, 3 young (3072K), 3 survivors (3072K)
 Metaspace       used 61552K, committed 62272K, reserved 1114112K
  class space    used 8718K, committed 9024K, reserved 1048576K
}
Event: 123.212 GC heap before
{Heap before GC invocations=16 (full 0):
 garbage-first heap   total 55296K, used 47175K [0x0000000083600000, 0x0000000100000000)
  region size 1024K, 20 young (20480K), 3 survivors (3072K)
 Metaspace       used 64971K, committed 65792K, reserved 1114112K
  class space    used 9180K, committed 9536K, reserved 1048576K
}
Event: 123.215 GC heap after
{Heap after GC invocations=17 (full 0):
 garbage-first heap   total 55296K, used 31052K [0x0000000083600000, 0x0000000100000000)
  region size 1024K, 2 young (2048K), 2 survivors (2048K)
 Metaspace       used 64971K, committed 65792K, reserved 1114112K
  class space    used 9180K, committed 9536K, reserved 1048576K
}
Event: 2565.493 GC heap before
{Heap before GC invocations=17 (full 0):
 garbage-first heap   total 55296K, used 48460K [0x0000000083600000, 0x0000000100000000)
  region size 1024K, 19 young (19456K), 2 survivors (2048K)
 Metaspace       used 66268K, committed 67136K, reserved 1114112K
  class space    used 9383K, committed 9792K, reserved 1048576K
}
Event: 2565.543 GC heap after
{Heap after GC invocations=18 (full 0):
 garbage-first heap   total 55296K, used 32144K [0x0000000083600000, 0x0000000100000000)
  region size 1024K, 3 young (3072K), 3 survivors (3072K)
 Metaspace       used 66268K, committed 67136K, reserved 1114112K
  class space    used 9383K, committed 9792K, reserved 1048576K
}
Event: 7117.684 GC heap before
{Heap before GC invocations=19 (full 0):
 garbage-first heap   total 56320K, used 47504K [0x0000000083600000, 0x0000000100000000)
  region size 1024K, 18 young (18432K), 3 survivors (3072K)
 Metaspace       used 65923K, committed 67136K, reserved 1114112K
  class space    used 9295K, committed 9792K, reserved 1048576K
}
Event: 7117.753 GC heap after
{Heap after GC invocations=20 (full 0):
 garbage-first heap   total 56320K, used 32125K [0x0000000083600000, 0x0000000100000000)
  region size 1024K, 2 young (2048K), 2 survivors (2048K)
 Metaspace       used 65923K, committed 67136K, reserved 1114112K
  class space    used 9295K, committed 9792K, reserved 1048576K
}
Event: 8953.237 GC heap before
{Heap before GC invocations=20 (full 0):
 garbage-first heap   total 56320K, used 49533K [0x0000000083600000, 0x0000000100000000)
  region size 1024K, 19 young (19456K), 2 survivors (2048K)
 Metaspace       used 65923K, committed 67136K, reserved 1114112K
  class space    used 9295K, committed 9792K, reserved 1048576K
}
Event: 8953.293 GC heap after
{Heap after GC invocations=21 (full 0):
 garbage-first heap   total 56320K, used 29580K [0x0000000083600000, 0x0000000100000000)
  region size 1024K, 2 young (2048K), 2 survivors (2048K)
 Metaspace       used 65923K, committed 67136K, reserved 1114112K
  class space    used 9295K, committed 9792K, reserved 1048576K
}
Event: 13620.800 GC heap before
{Heap before GC invocations=21 (full 0):
 garbage-first heap   total 56320K, used 45964K [0x0000000083600000, 0x0000000100000000)
  region size 1024K, 20 young (20480K), 2 survivors (2048K)
 Metaspace       used 66097K, committed 67136K, reserved 1114112K
  class space    used 9327K, committed 9792K, reserved 1048576K
}
Event: 13620.831 GC heap after
{Heap after GC invocations=22 (full 0):
 garbage-first heap   total 56320K, used 30120K [0x0000000083600000, 0x0000000100000000)
  region size 1024K, 2 young (2048K), 2 survivors (2048K)
 Metaspace       used 66097K, committed 67136K, reserved 1114112K
  class space    used 9327K, committed 9792K, reserved 1048576K
}
Event: 15952.602 GC heap before
{Heap before GC invocations=23 (full 0):
 garbage-first heap   total 56320K, used 48552K [0x0000000083600000, 0x0000000100000000)
  region size 1024K, 21 young (21504K), 2 survivors (2048K)
 Metaspace       used 66075K, committed 67136K, reserved 1114112K
  class space    used 9323K, committed 9792K, reserved 1048576K
}
Event: 15952.688 GC heap after
{Heap after GC invocations=24 (full 0):
 garbage-first heap   total 56320K, used 29917K [0x0000000083600000, 0x0000000100000000)
  region size 1024K, 2 young (2048K), 2 survivors (2048K)
 Metaspace       used 66075K, committed 67136K, reserved 1114112K
  class space    used 9323K, committed 9792K, reserved 1048576K
}

Dll operation events (14 events):
Event: 0.010 Loaded shared library C:\Program Files\Java\jdk-20\bin\java.dll
Event: 0.045 Loaded shared library C:\Program Files\Java\jdk-20\bin\jsvml.dll
Event: 0.186 Loaded shared library C:\Program Files\Java\jdk-20\bin\zip.dll
Event: 0.190 Loaded shared library C:\Program Files\Java\jdk-20\bin\instrument.dll
Event: 0.200 Loaded shared library C:\Program Files\Java\jdk-20\bin\net.dll
Event: 0.202 Loaded shared library C:\Program Files\Java\jdk-20\bin\nio.dll
Event: 0.207 Loaded shared library C:\Program Files\Java\jdk-20\bin\zip.dll
Event: 0.330 Loaded shared library C:\Program Files\JetBrains\IntelliJ IDEA 2023.3.6\bin\breakgen64.dll
Event: 0.340 Loaded shared library C:\Program Files\Java\jdk-20\bin\jimage.dll
Event: 0.347 Loaded shared library C:\Program Files\Java\jdk-20\bin\extnet.dll
Event: 0.373 Loaded shared library C:\Program Files\Java\jdk-20\bin\management.dll
Event: 0.396 Loaded shared library C:\Program Files\Java\jdk-20\bin\management_ext.dll
Event: 1.652 Loaded shared library C:\Program Files\Java\jdk-20\bin\sunmscapi.dll
Event: 3.333 Loaded shared library C:\Program Files\Java\jdk-20\bin\verify.dll

Deoptimization events (20 events):
Event: 0.514 Thread 0x000002f7b0a93160 DEOPT PACKING pc=0x000002f7ba62d060 sp=0x000000fb251fcf20
Event: 0.514 Thread 0x000002f7b0a93160 DEOPT UNPACKING pc=0x000002f7ba39e462 sp=0x000000fb251fc3d8 mode 3
Event: 1.430 Thread 0x000002f7b0a93160 DEOPT PACKING pc=0x000002f7ba8067f9 sp=0x000000fb251fd1b0
Event: 1.430 Thread 0x000002f7b0a93160 DEOPT UNPACKING pc=0x000002f7ba39e462 sp=0x000000fb251fc690 mode 3
Event: 2.470 Thread 0x000002f7b0a93160 DEOPT PACKING pc=0x000002f7ba9bfe74 sp=0x000000fb251fcfa0
Event: 2.470 Thread 0x000002f7b0a93160 DEOPT UNPACKING pc=0x000002f7ba39e462 sp=0x000000fb251fc458 mode 0
Event: 2.882 Thread 0x000002f7b0a93160 DEOPT PACKING pc=0x000002f7baae9a6d sp=0x000000fb251fc3d0
Event: 2.882 Thread 0x000002f7b0a93160 DEOPT UNPACKING pc=0x000002f7ba39e462 sp=0x000000fb251fb938 mode 3
Event: 5.352 Thread 0x000002f7b0a93160 DEOPT PACKING pc=0x000002f7ba8a2031 sp=0x000000fb251fbc50
Event: 5.352 Thread 0x000002f7b0a93160 DEOPT UNPACKING pc=0x000002f7ba39e462 sp=0x000000fb251fb158 mode 3
Event: 5.353 Thread 0x000002f7b0a93160 DEOPT PACKING pc=0x000002f7ba84db5a sp=0x000000fb251fbc10
Event: 5.353 Thread 0x000002f7b0a93160 DEOPT UNPACKING pc=0x000002f7ba39e462 sp=0x000000fb251fb158 mode 3
Event: 5.457 Thread 0x000002f7b0a93160 DEOPT PACKING pc=0x000002f7ba866e14 sp=0x000000fb251fc250
Event: 5.457 Thread 0x000002f7b0a93160 DEOPT UNPACKING pc=0x000002f7ba39e462 sp=0x000000fb251fb7a8 mode 0
Event: 48.014 Thread 0x000002f7c8e45c30 DEOPT PACKING pc=0x000002f7ba4ed88e sp=0x000000fb272fca00
Event: 48.014 Thread 0x000002f7c8e45c30 DEOPT UNPACKING pc=0x000002f7ba39e462 sp=0x000000fb272fbee8 mode 3
Event: 173.950 Thread 0x000002f7c8e45c30 DEOPT PACKING pc=0x000002f7baf6d853 sp=0x000000fb272fc930
Event: 173.950 Thread 0x000002f7c8e45c30 DEOPT UNPACKING pc=0x000002f7ba39e462 sp=0x000000fb272fbe30 mode 3
Event: 7336.638 Thread 0x000002f7c8e45c30 DEOPT PACKING pc=0x000002f7bb0795b7 sp=0x000000fb272fafb0
Event: 7336.641 Thread 0x000002f7c8e45c30 DEOPT UNPACKING pc=0x000002f7ba39e462 sp=0x000000fb272fa550 mode 3

Classes loaded (20 events):
Event: 47.999 Loading class org/w3c/dom/Node
Event: 47.999 Loading class org/w3c/dom/Node done
Event: 47.999 Loading class org/w3c/dom/Document
Event: 48.000 Loading class org/w3c/dom/Document done
Event: 92.599 Loading class java/util/concurrent/atomic/Striped64$Cell
Event: 92.599 Loading class java/util/concurrent/atomic/Striped64$Cell done
Event: 123.181 Loading class java/io/PushbackInputStream
Event: 123.182 Loading class java/io/PushbackInputStream done
Event: 179.207 Loading class java/util/concurrent/locks/ReentrantReadWriteLock$Sync$HoldCounter
Event: 179.207 Loading class java/util/concurrent/locks/ReentrantReadWriteLock$Sync$HoldCounter done
Event: 2076.561 Loading class java/util/stream/ReferencePipeline$4
Event: 2076.565 Loading class java/util/stream/ReferencePipeline$4 done
Event: 2076.566 Loading class java/util/function/IntBinaryOperator
Event: 2076.568 Loading class java/util/function/IntBinaryOperator done
Event: 2076.569 Loading class java/util/stream/ReduceOps$7
Event: 2076.571 Loading class java/util/stream/ReduceOps$7 done
Event: 2076.571 Loading class java/util/stream/ReduceOps$6ReducingSink
Event: 2076.572 Loading class java/util/stream/ReduceOps$6ReducingSink done
Event: 2076.572 Loading class java/util/stream/ReferencePipeline$4$1
Event: 2076.573 Loading class java/util/stream/ReferencePipeline$4$1 done

Classes unloaded (20 events):
Event: 2565.656 Thread 0x000002f7c31b7460 Unloading class 0x0000000801004000 'java/lang/invoke/LambdaForm$MH+0x0000000801004000'
Event: 2565.656 Thread 0x000002f7c31b7460 Unloading class 0x0000000801002400 'java/lang/invoke/LambdaForm$MH+0x0000000801002400'
Event: 2565.656 Thread 0x000002f7c31b7460 Unloading class 0x0000000801002000 'java/lang/invoke/LambdaForm$MH+0x0000000801002000'
Event: 2565.656 Thread 0x000002f7c31b7460 Unloading class 0x0000000801001c00 'java/lang/invoke/LambdaForm$MH+0x0000000801001c00'
Event: 2565.656 Thread 0x000002f7c31b7460 Unloading class 0x0000000801001400 'java/lang/invoke/LambdaForm$MH+0x0000000801001400'
Event: 13620.922 Thread 0x000002f7c31b7460 Unloading class 0x0000000801912c00 'java/lang/invoke/LambdaForm$MH+0x0000000801912c00'
Event: 13620.922 Thread 0x000002f7c31b7460 Unloading class 0x0000000801912000 'java/lang/invoke/LambdaForm$MH+0x0000000801912000'
Event: 13620.922 Thread 0x000002f7c31b7460 Unloading class 0x0000000801911c00 'java/lang/invoke/LambdaForm$MH+0x0000000801911c00'
Event: 13620.922 Thread 0x000002f7c31b7460 Unloading class 0x0000000801911800 'java/lang/invoke/LambdaForm$MH+0x0000000801911800'
Event: 13620.922 Thread 0x000002f7c31b7460 Unloading class 0x0000000801911400 'java/lang/invoke/LambdaForm$MH+0x0000000801911400'
Event: 13620.922 Thread 0x000002f7c31b7460 Unloading class 0x0000000801910800 'java/lang/invoke/LambdaForm$MH+0x0000000801910800'
Event: 13620.922 Thread 0x000002f7c31b7460 Unloading class 0x0000000801910400 'java/lang/invoke/LambdaForm$MH+0x0000000801910400'
Event: 13620.922 Thread 0x000002f7c31b7460 Unloading class 0x0000000801910000 'java/lang/invoke/LambdaForm$MH+0x0000000801910000'
Event: 13620.922 Thread 0x000002f7c31b7460 Unloading class 0x0000000801901400 'java/lang/invoke/LambdaForm$MH+0x0000000801901400'
Event: 13620.922 Thread 0x000002f7c31b7460 Unloading class 0x0000000801900c00 'java/lang/invoke/LambdaForm$MH+0x0000000801900c00'
Event: 13620.922 Thread 0x000002f7c31b7460 Unloading class 0x0000000801900800 'java/lang/invoke/LambdaForm$MH+0x0000000801900800'
Event: 13620.922 Thread 0x000002f7c31b7460 Unloading class 0x0000000801900400 'java/lang/invoke/LambdaForm$MH+0x0000000801900400'
Event: 13620.922 Thread 0x000002f7c31b7460 Unloading class 0x0000000801900000 'java/lang/invoke/LambdaForm$MH+0x0000000801900000'
Event: 13620.923 Thread 0x000002f7c31b7460 Unloading class 0x00000008018fa800 'jdk/internal/reflect/GeneratedSerializationConstructorAccessor19'
Event: 13620.923 Thread 0x000002f7c31b7460 Unloading class 0x00000008018fa400 'jdk/internal/reflect/GeneratedSerializationConstructorAccessor18'

Classes redefined (0 events):
No events

Internal exceptions (20 events):
Event: 5.530 Thread 0x000002f7b0a93160 Exception <a 'java/lang/IncompatibleClassChangeError'{0x0000000085dd2058}: Found class java.lang.Object, but interface was expected> (0x0000000085dd2058) 
thrown [s\open\src\hotspot\share\interpreter\linkResolver.cpp, line 840]
Event: 5.562 Thread 0x000002f7b0a93160 Exception <a 'java/lang/NoSuchMethodError'{0x0000000085b70c18}: 'java.lang.Object java.lang.invoke.DirectMethodHandle$Holder.invokeStatic(java.lang.Object, int, java.lang.Object)'> (0x0000000085b70c18) 
thrown [s\open\src\hotspot\share\interpreter\linkResolver.cpp, line 773]
Event: 5.864 Thread 0x000002f7b0a93160 Exception <a 'java/lang/NoSuchMethodError'{0x000000008849d7e8}: 'java.lang.Object java.lang.invoke.DirectMethodHandle$Holder.newInvokeSpecial(java.lang.Object, java.lang.Object, java.lang.Object, java.lang.Object, java.lang.Object, java.lang.Object, java.lang.Object, java.lang.Object)'> (0x000000008849d7e8) 
thrown [s\open\src\hotspot\share\interpreter\linkResolver.cpp, line 773]
Event: 6.002 Thread 0x000002f7b0a93160 Exception <a 'java/lang/IncompatibleClassChangeError'{0x0000000085c2a238}: Found class java.lang.Object, but interface was expected> (0x0000000085c2a238) 
thrown [s\open\src\hotspot\share\interpreter\linkResolver.cpp, line 840]
Event: 6.029 Thread 0x000002f7b0a93160 Exception <a 'java/lang/NoSuchMethodError'{0x0000000085bea748}: 'void java.lang.invoke.DirectMethodHandle$Holder.invokeVirtual(java.lang.Object, java.lang.Object, long)'> (0x0000000085bea748) 
thrown [s\open\src\hotspot\share\interpreter\linkResolver.cpp, line 773]
Event: 6.110 Thread 0x000002f7b0a93160 Exception <a 'java/lang/IncompatibleClassChangeError'{0x000000008b331a70}: Found class java.lang.Object, but interface was expected> (0x000000008b331a70) 
thrown [s\open\src\hotspot\share\interpreter\linkResolver.cpp, line 840]
Event: 6.155 Thread 0x000002f7b0a93160 Exception <a 'java/lang/NoSuchMethodError'{0x000000008825c7a0}: 'void java.lang.invoke.DirectMethodHandle$Holder.invokeSpecial(java.lang.Object, java.lang.Object, int, java.lang.Object, java.lang.Object, java.lang.Object, java.lang.Object)'> (0x000000008825c7a0) 
thrown [s\open\src\hotspot\share\interpreter\linkResolver.cpp, line 773]
Event: 6.156 Thread 0x000002f7b0a93160 Exception <a 'java/lang/NoSuchMethodError'{0x0000000088264498}: 'java.lang.Object java.lang.invoke.DirectMethodHandle$Holder.newInvokeSpecial(java.lang.Object, java.lang.Object, int, java.lang.Object, java.lang.Object)'> (0x0000000088264498) 
thrown [s\open\src\hotspot\share\interpreter\linkResolver.cpp, line 773]
Event: 6.156 Thread 0x000002f7b0a93160 Exception <a 'java/lang/NoSuchMethodError'{0x000000008826f348}: 'java.lang.Object java.lang.invoke.DirectMethodHandle$Holder.invokeSpecial(java.lang.Object, java.lang.Object, int, java.lang.Object, int, java.lang.Object)'> (0x000000008826f348) 
thrown [s\open\src\hotspot\share\interpreter\linkResolver.cpp, line 773]
Event: 6.156 Thread 0x000002f7b0a93160 Exception <a 'java/lang/NoSuchMethodError'{0x0000000088276e68}: 'java.lang.Object java.lang.invoke.DirectMethodHandle$Holder.newInvokeSpecial(java.lang.Object, java.lang.Object, int, java.lang.Object, int)'> (0x0000000088276e68) 
thrown [s\open\src\hotspot\share\interpreter\linkResolver.cpp, line 773]
Event: 6.156 Thread 0x000002f7b0a93160 Exception <a 'java/lang/NoSuchMethodError'{0x000000008827acd8}: 'java.lang.Object java.lang.invoke.DirectMethodHandle$Holder.invokeSpecial(java.lang.Object, java.lang.Object, java.lang.Object, int, java.lang.Object, int)'> (0x000000008827acd8) 
thrown [s\open\src\hotspot\share\interpreter\linkResolver.cpp, line 773]
Event: 6.681 Thread 0x000002f7c8e5d730 Exception <a 'java/lang/NoSuchMethodError'{0x00000000881f78d8}: 'java.lang.Object java.lang.invoke.DirectMethodHandle$Holder.invokeInterface(java.lang.Object, java.lang.Object, java.lang.Object, java.lang.Object, java.lang.Object, java.lang.Object, java.lang.Object)'> (0x00000000881f78d8) 
thrown [s\open\src\hotspot\share\interpreter\linkResolver.cpp, line 773]
Event: 47.871 Thread 0x000002f7c8e45c30 Exception <a 'java/lang/NoSuchMethodError'{0x0000000086332bb0}: 'java.lang.Object java.lang.invoke.DirectMethodHandle$Holder.invokeSpecial(java.lang.Object, java.lang.Object, java.lang.Object, java.lang.Object, java.lang.Object, long)'> (0x0000000086332bb0) 
thrown [s\open\src\hotspot\share\interpreter\linkResolver.cpp, line 773]
Event: 47.871 Thread 0x000002f7c8e45c30 Exception <a 'java/lang/NoSuchMethodError'{0x0000000086336370}: 'java.lang.Object java.lang.invoke.Invokers$Holder.linkToTargetMethod(java.lang.Object, java.lang.Object, java.lang.Object, long, java.lang.Object)'> (0x0000000086336370) 
thrown [s\open\src\hotspot\share\interpreter\linkResolver.cpp, line 773]
Event: 47.959 Thread 0x000002f7c8e45c30 Exception <a 'java/lang/IncompatibleClassChangeError'{0x0000000085f77280}: Found class java.lang.Object, but interface was expected> (0x0000000085f77280) 
thrown [s\open\src\hotspot\share\interpreter\linkResolver.cpp, line 840]
Event: 123.255 Thread 0x000002f7c8e42c60 Exception <a 'java/lang/NoSuchMethodError'{0x000000008857ba48}: 'int java.lang.invoke.DirectMethodHandle$Holder.invokeStatic(java.lang.Object, java.lang.Object, int, int)'> (0x000000008857ba48) 
thrown [s\open\src\hotspot\share\interpreter\linkResolver.cpp, line 773]
Event: 123.273 Thread 0x000002f7c8e42c60 Exception <a 'java/lang/NoSuchMethodError'{0x00000000885ea0f0}: 'java.lang.Object java.lang.invoke.DirectMethodHandle$Holder.invokeInterface(java.lang.Object, java.lang.Object, java.lang.Object, java.lang.Object)'> (0x00000000885ea0f0) 
thrown [s\open\src\hotspot\share\interpreter\linkResolver.cpp, line 773]
Event: 165.693 Thread 0x000002f7c8e46180 Exception <a 'java/lang/IncompatibleClassChangeError'{0x0000000088239e68}: Found class java.lang.Object, but interface was expected> (0x0000000088239e68) 
thrown [s\open\src\hotspot\share\interpreter\linkResolver.cpp, line 840]
Event: 566.455 Thread 0x000002f7c8e45190 Exception <a 'java/lang/NoSuchMethodError'{0x000000008809f808}: 'void java.lang.invoke.DirectMethodHandle$Holder.invokeStaticInit(java.lang.Object, java.lang.Object, java.lang.Object, java.lang.Object)'> (0x000000008809f808) 
thrown [s\open\src\hotspot\share\interpreter\linkResolver.cpp, line 773]
Event: 7336.631 Thread 0x000002f7c8e45c30 Implicit null exception at 0x000002f7bb0790cc to 0x000002f7bb0795b2

VM Operations (20 events):
Event: 15383.046 Executing VM operation: Cleanup
Event: 15383.046 Executing VM operation: Cleanup done
Event: 15393.142 Executing VM operation: Cleanup
Event: 15393.142 Executing VM operation: Cleanup done
Event: 15398.202 Executing VM operation: Cleanup
Event: 15398.202 Executing VM operation: Cleanup done
Event: 15429.516 Executing VM operation: Cleanup
Event: 15429.516 Executing VM operation: Cleanup done
Event: 15438.594 Executing VM operation: Cleanup
Event: 15438.594 Executing VM operation: Cleanup done
Event: 15451.727 Executing VM operation: Cleanup
Event: 15451.727 Executing VM operation: Cleanup done
Event: 15458.793 Executing VM operation: Cleanup
Event: 15458.793 Executing VM operation: Cleanup done
Event: 15912.440 Executing VM operation: Cleanup
Event: 15912.441 Executing VM operation: Cleanup done
Event: 15952.599 Executing VM operation: G1CollectForAllocation
Event: 15952.689 Executing VM operation: G1CollectForAllocation done
Event: 15981.963 Executing VM operation: Cleanup
Event: 15981.963 Executing VM operation: Cleanup done

Events (20 events):
Event: 15381.882 Thread 0x000002f7c9c8c1d0 Thread exited: 0x000002f7c9c8c1d0
Event: 15382.435 Thread 0x000002f7c9c8d280 Thread added: 0x000002f7c9c8d280
Event: 15387.498 Thread 0x000002f7c9c8d280 Thread exited: 0x000002f7c9c8d280
Event: 15451.516 Thread 0x000002f7c9c8a070 Thread added: 0x000002f7c9c8a070
Event: 15456.533 Thread 0x000002f7c9c8a070 Thread exited: 0x000002f7c9c8a070
Event: 15911.995 Thread 0x000002f7c8e5f710 Thread added: 0x000002f7c8e5f710
Event: 15912.065 Thread 0x000002f7c8e5d730 Thread added: 0x000002f7c8e5d730
Event: 15917.071 Thread 0x000002f7c8e5f710 Thread exited: 0x000002f7c8e5f710
Event: 15917.393 Thread 0x000002f7c8e5d730 Thread exited: 0x000002f7c8e5d730
Event: 15948.827 Thread 0x000002f7c8e5d730 Thread added: 0x000002f7c8e5d730
Event: 15948.844 Thread 0x000002f7c8e5acb0 Thread added: 0x000002f7c8e5acb0
Event: 15957.559 Thread 0x000002f7c8e5d730 Thread exited: 0x000002f7c8e5d730
Event: 15957.742 Thread 0x000002f7c8e5acb0 Thread exited: 0x000002f7c8e5acb0
Event: 15979.924 Thread 0x000002f7c8e5d730 Thread added: 0x000002f7c8e5d730
Event: 15979.926 Thread 0x000002f7c8e5dc80 Thread added: 0x000002f7c8e5dc80
Event: 15986.289 Thread 0x000002f7c8e5d730 Thread exited: 0x000002f7c8e5d730
Event: 15986.381 Thread 0x000002f7c8e5dc80 Thread exited: 0x000002f7c8e5dc80
Event: 15991.212 Thread 0x000002f7c8e611a0 Thread added: 0x000002f7c8e611a0
Event: 15991.214 Thread 0x000002f7c8e60c50 Thread added: 0x000002f7c8e60c50
Event: 15991.252 Thread 0x000002f7c9c8a070 Thread added: 0x000002f7c9c8a070


Dynamic libraries:
0x00007ff6fb770000 - 0x00007ff6fb780000 	C:\Program Files\Java\jdk-20\bin\java.exe
0x00007ff8920d0000 - 0x00007ff8922c8000 	C:\WINDOWS\SYSTEM32\ntdll.dll
0x00007ff8912f0000 - 0x00007ff8913b1000 	C:\WINDOWS\System32\KERNEL32.DLL
0x00007ff88fd30000 - 0x00007ff890026000 	C:\WINDOWS\System32\KERNELBASE.dll
0x00007ff88fc30000 - 0x00007ff88fd30000 	C:\WINDOWS\System32\ucrtbase.dll
0x00007ff888330000 - 0x00007ff888349000 	C:\Program Files\Java\jdk-20\bin\jli.dll
0x00007ff8903b0000 - 0x00007ff890460000 	C:\WINDOWS\System32\ADVAPI32.dll
0x00007ff891b90000 - 0x00007ff891c2e000 	C:\WINDOWS\System32\msvcrt.dll
0x00007ff888310000 - 0x00007ff88832b000 	C:\Program Files\Java\jdk-20\bin\VCRUNTIME140.dll
0x00007ff891c50000 - 0x00007ff891cf0000 	C:\WINDOWS\System32\sechost.dll
0x00007ff890cc0000 - 0x00007ff890de3000 	C:\WINDOWS\System32\RPCRT4.dll
0x00007ff8900d0000 - 0x00007ff8900f7000 	C:\WINDOWS\System32\bcrypt.dll
0x00007ff890df0000 - 0x00007ff890f8f000 	C:\WINDOWS\System32\USER32.dll
0x00007ff88f930000 - 0x00007ff88f952000 	C:\WINDOWS\System32\win32u.dll
0x00007ff891d00000 - 0x00007ff891d2b000 	C:\WINDOWS\System32\GDI32.dll
0x00007ff88f810000 - 0x00007ff88f927000 	C:\WINDOWS\System32\gdi32full.dll
0x00007ff890030000 - 0x00007ff8900cd000 	C:\WINDOWS\System32\msvcp_win.dll
0x00007ff8601c0000 - 0x00007ff86045a000 	C:\WINDOWS\WinSxS\amd64_microsoft.windows.common-controls_6595b64144ccf1df_6.0.19041.4355_none_60b8b9eb71f62e16\COMCTL32.dll
0x00007ff8859a0000 - 0x00007ff8859aa000 	C:\WINDOWS\SYSTEM32\VERSION.dll
0x00007ff890460000 - 0x00007ff89048f000 	C:\WINDOWS\System32\IMM32.DLL
0x00007ff88c640000 - 0x00007ff88c64c000 	C:\Program Files\Java\jdk-20\bin\vcruntime140_1.dll
0x00007ff887e50000 - 0x00007ff887ede000 	C:\Program Files\Java\jdk-20\bin\msvcp140.dll
0x00007ff817e40000 - 0x00007ff818ad7000 	C:\Program Files\Java\jdk-20\bin\server\jvm.dll
0x00007ff87d4b0000 - 0x00007ff87d4b9000 	C:\WINDOWS\SYSTEM32\WSOCK32.dll
0x00007ff86dd90000 - 0x00007ff86ddb7000 	C:\WINDOWS\SYSTEM32\WINMM.dll
0x00007ff890bc0000 - 0x00007ff890c2b000 	C:\WINDOWS\System32\WS2_32.dll
0x00007ff88df50000 - 0x00007ff88df62000 	C:\WINDOWS\SYSTEM32\kernel.appcore.dll
0x00007ff8883a0000 - 0x00007ff8883aa000 	C:\Program Files\Java\jdk-20\bin\jimage.dll
0x00007ff88d570000 - 0x00007ff88d754000 	C:\WINDOWS\SYSTEM32\DBGHELP.DLL
0x00007ff881a70000 - 0x00007ff881aa4000 	C:\WINDOWS\SYSTEM32\dbgcore.DLL
0x00007ff88f780000 - 0x00007ff88f802000 	C:\WINDOWS\System32\bcryptPrimitives.dll
0x00007ff887b50000 - 0x00007ff887b5e000 	C:\Program Files\Java\jdk-20\bin\instrument.dll
0x00007ff887e20000 - 0x00007ff887e46000 	C:\Program Files\Java\jdk-20\bin\java.dll
0x00007ff86da10000 - 0x00007ff86dae7000 	C:\Program Files\Java\jdk-20\bin\jsvml.dll
0x00007ff8913c0000 - 0x00007ff891b2c000 	C:\WINDOWS\System32\SHELL32.dll
0x00007ff88d7a0000 - 0x00007ff88df3e000 	C:\WINDOWS\SYSTEM32\windows.storage.dll
0x00007ff890f90000 - 0x00007ff8912e3000 	C:\WINDOWS\System32\combase.dll
0x00007ff88f130000 - 0x00007ff88f15e000 	C:\WINDOWS\SYSTEM32\Wldp.dll
0x00007ff890100000 - 0x00007ff8901cd000 	C:\WINDOWS\System32\OLEAUT32.dll
0x00007ff890640000 - 0x00007ff8906ed000 	C:\WINDOWS\System32\SHCORE.dll
0x00007ff8906f0000 - 0x00007ff890745000 	C:\WINDOWS\System32\shlwapi.dll
0x00007ff88f6b0000 - 0x00007ff88f6d4000 	C:\WINDOWS\SYSTEM32\profapi.dll
0x00007ff887dc0000 - 0x00007ff887dd8000 	C:\Program Files\Java\jdk-20\bin\zip.dll
0x00007ff8881c0000 - 0x00007ff8881d3000 	C:\Program Files\Java\jdk-20\bin\net.dll
0x00007ff88c1f0000 - 0x00007ff88c2fa000 	C:\WINDOWS\SYSTEM32\WINHTTP.dll
0x00007ff88ee70000 - 0x00007ff88eeda000 	C:\WINDOWS\system32\mswsock.dll
0x00007ff887e00000 - 0x00007ff887e16000 	C:\Program Files\Java\jdk-20\bin\nio.dll
0x00007ff885450000 - 0x00007ff88546a000 	C:\Program Files\JetBrains\IntelliJ IDEA 2023.3.6\bin\breakgen64.dll
0x00007ff887d50000 - 0x00007ff887d57000 	C:\Program Files\Java\jdk-20\bin\extnet.dll
0x00007ff88eb90000 - 0x00007ff88ec5a000 	C:\WINDOWS\SYSTEM32\DNSAPI.dll
0x00007ff88eaf0000 - 0x00007ff88eb2b000 	C:\WINDOWS\SYSTEM32\IPHLPAPI.DLL
0x00007ff891cf0000 - 0x00007ff891cf8000 	C:\WINDOWS\System32\NSI.dll
0x00007ff8859d0000 - 0x00007ff8859da000 	C:\Windows\System32\rasadhlp.dll
0x00007ff884550000 - 0x00007ff8845d0000 	C:\WINDOWS\System32\fwpuclnt.dll
0x00007ff888360000 - 0x00007ff88836a000 	C:\Program Files\Java\jdk-20\bin\management.dll
0x00007ff8882d0000 - 0x00007ff8882db000 	C:\Program Files\Java\jdk-20\bin\management_ext.dll
0x00007ff8901e0000 - 0x00007ff8901e8000 	C:\WINDOWS\System32\PSAPI.DLL
0x00007ff88f080000 - 0x00007ff88f098000 	C:\WINDOWS\SYSTEM32\CRYPTSP.dll
0x00007ff88e710000 - 0x00007ff88e744000 	C:\WINDOWS\system32\rsaenh.dll
0x00007ff88f620000 - 0x00007ff88f64e000 	C:\WINDOWS\SYSTEM32\USERENV.dll
0x00007ff88f0a0000 - 0x00007ff88f0ac000 	C:\WINDOWS\SYSTEM32\CRYPTBASE.dll
0x00007ff8878b0000 - 0x00007ff8878c7000 	C:\WINDOWS\SYSTEM32\dhcpcsvc6.DLL
0x00007ff887890000 - 0x00007ff8878ad000 	C:\WINDOWS\SYSTEM32\dhcpcsvc.DLL
0x00007ff86c750000 - 0x00007ff86c767000 	C:\WINDOWS\system32\napinsp.dll
0x00007ff86c730000 - 0x00007ff86c74b000 	C:\WINDOWS\system32\pnrpnsp.dll
0x00007ff86c710000 - 0x00007ff86c725000 	C:\WINDOWS\system32\wshbth.dll
0x00007ff88c1d0000 - 0x00007ff88c1ed000 	C:\WINDOWS\system32\NLAapi.dll
0x00007ff86c6f0000 - 0x00007ff86c702000 	C:\WINDOWS\System32\winrnr.dll
0x00007ff888220000 - 0x00007ff88822e000 	C:\Program Files\Java\jdk-20\bin\sunmscapi.dll
0x00007ff88fad0000 - 0x00007ff88fc2e000 	C:\WINDOWS\System32\CRYPT32.dll
0x00007ff88f1a0000 - 0x00007ff88f1c9000 	C:\WINDOWS\SYSTEM32\ncrypt.dll
0x00007ff88f160000 - 0x00007ff88f19b000 	C:\WINDOWS\SYSTEM32\NTASN1.dll
0x00007ff887b40000 - 0x00007ff887b50000 	C:\Program Files\Java\jdk-20\bin\verify.dll
0x00007ff835410000 - 0x00007ff835417000 	C:\WINDOWS\system32\wshunix.dll

dbghelp: loaded successfully - version: 4.0.5 - missing functions: none
symbol engine: initialized successfully - sym options: 0x614 - pdb path: .;C:\Program Files\Java\jdk-20\bin;C:\WINDOWS\SYSTEM32;C:\WINDOWS\WinSxS\amd64_microsoft.windows.common-controls_6595b64144ccf1df_6.0.19041.4355_none_60b8b9eb71f62e16;C:\Program Files\Java\jdk-20\bin\server;C:\Program Files\JetBrains\IntelliJ IDEA 2023.3.6\bin

VM Arguments:
jvm_args: -XX:TieredStopAtLevel=1 -Dspring.output.ansi.enabled=always -Dcom.sun.management.jmxremote -Dspring.jmx.enabled=true -Dspring.liveBeansView.mbeanDomain -Dspring.application.admin.enabled=true -Dmanagement.endpoints.jmx.exposure.include=* -javaagent:C:\Program Files\JetBrains\IntelliJ IDEA 2023.3.6\lib\idea_rt.jar=57761:C:\Program Files\JetBrains\IntelliJ IDEA 2023.3.6\bin -Dfile.encoding=UTF-8 -Dsun.stdout.encoding=UTF-8 -Dsun.stderr.encoding=UTF-8 
java_command: hsid.demo.HSID_Backend.HsidBackendApplication
java_class_path (initial): C:\Users\hiba\IdeaProjects\HPS_Project-main\target\classes;C:\Users\hiba\.m2\repository\org\springframework\boot\spring-boot-starter-data-jpa\3.3.0\spring-boot-starter-data-jpa-3.3.0.jar;C:\Users\hiba\.m2\repository\org\springframework\boot\spring-boot-starter-aop\3.3.0\spring-boot-starter-aop-3.3.0.jar;C:\Users\hiba\.m2\repository\org\springframework\spring-aop\6.1.8\spring-aop-6.1.8.jar;C:\Users\hiba\.m2\repository\org\aspectj\aspectjweaver\1.9.22\aspectjweaver-1.9.22.jar;C:\Users\hiba\.m2\repository\org\springframework\boot\spring-boot-starter-jdbc\3.3.0\spring-boot-starter-jdbc-3.3.0.jar;C:\Users\hiba\.m2\repository\com\zaxxer\HikariCP\5.1.0\HikariCP-5.1.0.jar;C:\Users\hiba\.m2\repository\org\springframework\spring-jdbc\6.1.8\spring-jdbc-6.1.8.jar;C:\Users\hiba\.m2\repository\org\hibernate\orm\hibernate-core\6.5.2.Final\hibernate-core-6.5.2.Final.jar;C:\Users\hiba\.m2\repository\jakarta\persistence\jakarta.persistence-api\3.1.0\jakarta.persistence-api-3.1.0.jar;C:\Users\hiba\.m2\repository\jakarta\transaction\jakarta.transaction-api\2.0.1\jakarta.transaction-api-2.0.1.jar;C:\Users\hiba\.m2\repository\org\jboss\logging\jboss-logging\3.5.3.Final\jboss-logging-3.5.3.Final.jar;C:\Users\hiba\.m2\repository\org\hibernate\common\hibernate-commons-annotations\6.0.6.Final\hibernate-commons-annotations-6.0.6.Final.jar;C:\Users\hiba\.m2\repository\io\smallrye\jandex\3.1.2\jandex-3.1.2.jar;C:\Users\hiba\.m2\repository\com\fasterxml\classmate\1.7.0\classmate-1.7.0.jar;C:\Users\hiba\.m2\repository\net\bytebuddy\byte-buddy\1.14.16\byte-buddy-1.14.16.jar;C:\Users\hiba\.m2\repository\org\glassfish\jaxb\jaxb-runtime\4.0.5\jaxb-runtime-4.0.5.jar;C:\Users\hiba\.m2\repository\org\glassfish\jaxb\jaxb-core\4.0.5\jaxb-core-4.0.5.jar;C:\Users\hiba\.m2\repository\org\eclipse\angus\angus-activation\2.0.2\angus-activation-2.0.2.jar;C:\Users\hiba\.m2\repository\org\glassfish\jaxb\txw2\4.0.5\txw2-4.0.5.jar;C:\Users\hiba\.m2\repository\com\sun\istack\istack-commons-runtime\4.1.2\istack-commons-runtime-4.1.2.jar;C:\Users\hiba\.m2\repository\jakarta\inject\jakarta.inject-api\2.0.1\jakarta.inject-api-2.0.1.jar;C:\Users\hiba\.m2\repository\org\antlr\antlr4-runtime\4.13.0\antlr4-runtime-4.13.0.jar;C:\Users\hiba\.m2\repository\org\springframework\data\spring-data-jpa\3.3.0\spring-data-jpa-3.3.0.jar;C:\Users\hiba\.m2\repository\org\springframework\data\spring-data-commons\3.3.0\spring-data-commons-3.3.0.jar;C:\Users\hiba\.m2\repository\org\springframework\spring-orm\6.1.8\spring-orm-6.1.8.jar;C:\Users\hiba\.m2\repository\org\springframework\spring-context\6.1.8\spring-context-6.1.8.jar;C:\Users\hiba\.m2\repository\org\springframework\spring-tx\6.1.8\spring-tx-6.1.8.jar;C:\Users\hiba\.m2\repository\org\springframework\spring-beans\6.1.8\spring-beans-6.1.8.jar;C:\Users\hiba\.m2\repository\jakarta\annotation\jakarta.annotation-api\2.1.1\jakarta.annotation-api-2.1.1.jar;C:\Users\hiba\.m2\repository\org\slf4j\slf4j-api\2.0.13\slf4j-api-2.0.13.jar;C:\Users\hiba\.m2\repository\org\springframework\spring-aspects\6.1.8\spring-aspects-6.1.8.jar;C:\Users\hiba\.m2\repository\org\springframework\boot\spring-boot-starter-web\3.3.0\spring-boot-starter-web-3.3.0.jar;C:\Users\hiba\.m2\repository\org\springframework\boot\spring-boot-starter\3.3.0\spring-boot-starter-3.3.0.jar;C:\Users\hiba\.m2\repository\org\springframework\boot\spring-boot\3.3.0\spring-boot-3.3.0.jar;C:\Users\hiba\.m2\repository\org\springframework\boot\spring-boot-autoconfigure\3.3.0\spring-boot-autoconfigure-3.3.0.jar;C:\Users\hiba\.m2\repository\org\springframework\boot\spring-boot-starter-logging\3.3.0\spring-boot-starter-logging-3.3.0.jar;C:\Users\hiba\.m2\repository\ch\qos\logback\logback-classic\1.5.6\logback-classic-1.5.6.jar;C:\Users\hiba\.m2\repository\ch\qos\logback\logback-core\1.5.6\logback-core-1.5.6.jar;C:\Users\hiba\.m2\repository\org\apache\logging\log4j\log4j-to-slf4j\2.23.1\log4j-to-slf4j-2.23.1.jar;C:\Users\hiba\.m2\repository\org\apache\logging\log4j\log4j-api\2.23.1\log4j-api-2.23.1.jar;C:\Users\hiba\.m2\repository\org\slf4j\jul-to-slf4j\2.0.13\jul-to-slf4j-2.0.13.jar;C:\Users\hiba\.m2\repository\org\yaml\snakeyaml\2.2\snakeyaml-2.2.jar;C:\Users\hiba\.m2\repository\org\springframework\boot\spring-boot-starter-json\3.3.0\spring-boot-starter-json-3.3.0.jar;C:\Users\hiba\.m2\repository\com\fasterxml\jackson\core\jackson-databind\2.17.1\jackson-databind-2.17.1.jar;C:\Users\hiba\.m2\repository\com\fasterxml\jackson\core\jackson-annotations\2.17.1\jackson-annotations-2.17.1.jar;C:\Users\hiba\.m2\repository\com\fasterxml\jackson\core\jackson-core\2.17.1\jackson-core-2.17.1.jar;C:\Users\hiba\.m2\repository\com\fasterxml\jackson\datatype\jackson-datatype-jdk8\2.17.1\jackson-datatype-jdk8-2.17.1.jar;C:\Users\hiba\.m2\repository\com\fasterxml\jackson\datatype\jackson-datatype-jsr310\2.17.1\jackson-datatype-jsr310-2.17.1.jar;C:\Users\hiba\.m2\repository\com\fasterxml\jackson\module\jackson-module-parameter-names\2.17.1\jackson-module-parameter-names-2.17.1.jar;C:\Users\hiba\.m2\repository\org\springframework\boot\spring-boot-starter-tomcat\3.3.0\spring-boot-starter-tomcat-3.3.0.jar;C:\Users\hiba\.m2\repository\org\apache\tomcat\embed\tomcat-embed-core\10.1.24\tomcat-embed-core-10.1.24.jar;C:\Users\hiba\.m2\repository\org\apache\tomcat\embed\tomcat-embed-el\10.1.24\tomcat-embed-el-10.1.24.jar;C:\Users\hiba\.m2\repository\org\apache\tomcat\embed\tomcat-embed-websocket\10.1.24\tomcat-embed-websocket-10.1.24.jar;C:\Users\hiba\.m2\repository\org\springframework\spring-web\6.1.8\spring-web-6.1.8.jar;C:\Users\hiba\.m2\repository\io\micrometer\micrometer-observation\1.13.0\micrometer-observation-1.13.0.jar;C:\Users\hiba\.m2\repository\io\micrometer\micrometer-commons\1.13.0\micrometer-commons-1.13.0.jar;C:\Users\hiba\.m2\repository\org\springframework\spring-webmvc\6.1.8\spring-webmvc-6.1.8.jar;C:\Users\hiba\.m2\repository\org\springframework\spring-expression\6.1.8\spring-expression-6.1.8.jar;C:\Users\hiba\.m2\repository\org\postgresql\postgresql\42.7.3\postgresql-42.7.3.jar;C:\Users\hiba\.m2\repository\org\checkerframework\checker-qual\3.42.0\checker-qual-3.42.0.jar;C:\Users\hiba\.m2\repository\org\projectlombok\lombok\1.18.32\lombok-1.18.32.jar;C:\Users\hiba\.m2\repository\jakarta\xml\bind\jakarta.xml.bind-api\4.0.2\jakarta.xml.bind-api-4.0.2.jar;C:\Users\hiba\.m2\repository\jakarta\activation\jakarta.activation-api\2.1.3\jakarta.activation-api-2.1.3.jar;C:\Users\hiba\.m2\repository\org\springframework\spring-core\6.1.8\spring-core-6.1.8.jar;C:\Users\hiba\.m2\repository\org\springframework\spring-jcl\6.1.8\spring-jcl-6.1.8.jar
Launcher Type: SUN_STANDARD

[Global flags]
     intx CICompilerCount                          = 4                                         {product} {ergonomic}
     uint ConcGCThreads                            = 2                                         {product} {ergonomic}
     uint G1ConcRefinementThreads                  = 8                                         {product} {ergonomic}
   size_t G1HeapRegionSize                         = 1048576                                   {product} {ergonomic}
    uintx GCDrainStackTargetSize                   = 64                                        {product} {ergonomic}
   size_t InitialHeapSize                          = 132120576                                 {product} {ergonomic}
     bool ManagementServer                         = true                                      {product} {command line}
   size_t MarkStackSize                            = 4194304                                   {product} {ergonomic}
   size_t MaxHeapSize                              = 2090860544                                {product} {ergonomic}
   size_t MaxNewSize                               = 1254096896                                {product} {ergonomic}
   size_t MinHeapDeltaBytes                        = 1048576                                   {product} {ergonomic}
   size_t MinHeapSize                              = 8388608                                   {product} {ergonomic}
    uintx NonProfiledCodeHeapSize                  = 0                                      {pd product} {ergonomic}
     bool ProfileInterpreter                       = false                                  {pd product} {command line}
    uintx ProfiledCodeHeapSize                     = 0                                      {pd product} {ergonomic}
   size_t SoftMaxHeapSize                          = 2090860544                             {manageable} {ergonomic}
     intx TieredStopAtLevel                        = 1                                         {product} {command line}
     bool UseCompressedClassPointers               = true                           {product lp64_product} {ergonomic}
     bool UseCompressedOops                        = true                           {product lp64_product} {ergonomic}
     bool UseG1GC                                  = true                                      {product} {ergonomic}
     bool UseLargePagesIndividualAllocation        = false                                  {pd product} {ergonomic}

Logging:
Log output configuration:
 #0: stdout all=warning uptime,level,tags foldmultilines=false
 #1: stderr all=off uptime,level,tags foldmultilines=false

Environment Variables:
JAVA_HOME=C:\Program Files\Java\jdk-20
PATH=C:\Program Files\Common Files\Oracle\Java\javapath;C:\Program Files\Java\jdk-17.0.4\bin;C:\Program Files (x86)\Common Files\Oracle\Java\javapath;C:\app\hiba\product\11.2.0\dbhome_1\bin;C:\Program Files (x86)\VMware\VMware Player\bin\;C:\Windows\system32;C:\Windows;C:\Windows\System32\Wbem;C:\Windows\System32\WindowsPowerShell\v1.0\;C:\Windows\System32\OpenSSH\;C:\Program Files\Microsoft SQL Server\130\Tools\Binn\;C:\Program Files (x86)\Microsoft SQL Server\150\Tools\Binn\;C:\Program Files\Microsoft SQL Server\150\Tools\Binn\;C:\Program Files\Microsoft SQL Server\150\DTS\Binn\;C:\Program Files\Microsoft SQL Server\Client SDK\ODBC\170\Tools\Binn\;C:\Program Files (x86)\Microsoft SQL Server\160\Tools\Binn\;C:\Program Files\Microsoft SQL Server\160\Tools\Binn\;C:\Program Files\Microsoft SQL Server\160\DTS\Binn\;C:\Program Files\Azure Data Studio\bin;C:\Program Files (x86)\Microsoft SQL Server\160\DTS\Binn\;C:\Program Files\Maven\apache-maven-3.9.0\bin;C:\WINDOWS\system32;C:\WINDOWS;C:\WINDOWS\System32\Wbem;C:\WINDOWS\System32\Windows;C:\Program Files\Docker\Docker\resources\bin;C:\Program Files\nodejs\;C:\ProgramData\chocolatey\bin;C:\Program Files\Git\cmd;C:\Program Files\Git\bin;C:\Program Files\MySQL\MySQL Shell 8.0\bin\;C:\Users\hiba\AppData\Roaming\Microsoft\Windows\Start Menu\Programs\Python 3.10;C:\Users\hiba\AppData\Local\Programs\Python\Python310\;C:\Users\hiba;C:\Program Files\Java\jdk-17.0.4\bin;C:\Users\hiba\AppData\Local\Programs\Microsoft VS Code\bin;C:\Program Files\Azure Data Studio\bin;C:\Users\hiba\AppData\Local\Microsoft\WindowsApps;C:\Users\hiba\.dotnet\tools;C:\Users\hiba\protoc-24.4-osx-x86_64\protoc;C:\Program Files\JetBrains\PyCharm 2023.3.1\bin;;C:\Users\hiba\Downloads\flutter-3-16-2\flutter\bin;C:\Users\hiba\OneDrive\Bureau\dart-sdk\bin;C:\Users\hiba\AppData\Roaming\nvm;C:\Program Files\nodejs;C:\Users\hiba\AppData\Roaming\npm;C:\Program Files\Git\cmd\git.exe;
USERNAME=hiba
OS=Windows_NT
PROCESSOR_IDENTIFIER=Intel64 Family 6 Model 140 Stepping 1, GenuineIntel
TMP=C:\Users\hiba\AppData\Local\Temp
TEMP=C:\Users\hiba\AppData\Local\Temp




---------------  S Y S T E M  ---------------

OS:
 Windows 10 , 64 bit Build 19041 (10.0.19041.4597)
OS uptime: 28 days 1:35 hours
Hyper-V role detected

CPU: total 8 (initial active 8) (4 cores per cpu, 2 threads per core) family 6 model 140 stepping 1 microcode 0x86, cx8, cmov, fxsr, ht, mmx, 3dnowpref, sse, sse2, sse3, ssse3, sse4.1, sse4.2, popcnt, lzcnt, tsc, tscinvbit, avx, avx2, aes, erms, clmul, bmi1, bmi2, adx, avx512f, avx512dq, avx512cd, avx512bw, avx512vl, sha, fma, vzeroupper, avx512_vpopcntdq, avx512_vpclmulqdq, avx512_vaes, avx512_vnni, clflush, clflushopt, clwb, avx512_vbmi2, avx512_vbmi, hv, rdtscp, rdpid, fsrm, gfni, avx512_bitalg, f16c, cet_ibt, cet_ss, avx512_ifma

Memory: 4k page, system-wide physical 7975M (370M free)
TotalPageFile size 32551M (AvailPageFile size 6M)
current process WorkingSet (physical memory assigned to process): 54M, peak: 196M
current process commit charge ("private bytes"): 260M, peak: 260M

vm_info: Java HotSpot(TM) 64-Bit Server VM (20+36-2344) for windows-amd64 JRE (20+36-2344), built on 2023-02-10T19:30:15Z by "mach5one" with MS VC++ 17.1 (VS2022)

END.
