#
# There is insufficient memory for the Java Runtime Environment to continue.
# Native memory allocation (malloc) failed to allocate 966416 bytes for Chunk::new
# Possible reasons:
#   The system is out of physical RAM or swap space
#   The process is running with CompressedOops enabled, and the Java Heap may be blocking the growth of the native heap
# Possible solutions:
#   Reduce memory load on the system
#   Increase physical memory or swap space
#   Check if swap backing store is full
#   Decrease Java heap size (-Xmx/-Xms)
#   Decrease number of Java threads
#   Decrease Java thread stack sizes (-Xss)
#   Set larger code cache with -XX:ReservedCodeCacheSize=
#   JVM is running with Unscaled Compressed Oops mode in which the Java heap is
#     placed in the first 4GB address space. The Java Heap base address is the
#     maximum limit for the native heap growth. Please use -XX:HeapBaseMinAddress
#     to set the Java Heap base and to place the Java Heap above 4GB virtual address.
# This output file may be truncated or incomplete.
#
#  Out of Memory Error (arena.cpp:191), pid=39064, tid=14932
#
# JRE version: OpenJDK Runtime Environment JBR-17.0.10+1-1087.23-jcef (17.0.10+1) (build 17.0.10+1-b1087.23)
# Java VM: OpenJDK 64-Bit Server VM JBR-17.0.10+1-1087.23-jcef (17.0.10+1-b1087.23, mixed mode, tiered, compressed oops, compressed class ptrs, g1 gc, windows-amd64)
# No core dump will be written. Minidumps are not enabled by default on client versions of Windows
#

---------------  S U M M A R Y ------------

Command Line: -Djava.rmi.server.hostname=127.0.0.1 -Duser.timezone=UTC -Xmx2048m -Xms128m -Djdbc.classpath=C:\Program Files\JetBrains\IntelliJ IDEA 2023.3.6\plugins\DatabaseTools\lib\jdbc-console.jar;C:\Users\hiba\AppData\Roaming\JetBrains\IntelliJIdea2023.3\jdbc-drivers\PostgreSQL\42.6.0\org\postgresql\postgresql\42.6.0\postgresql-42.6.0.jar;C:\Users\hiba\AppData\Roaming\JetBrains\IntelliJIdea2023.3\jdbc-drivers\PostgreSQL\42.6.0\org\checkerframework\checker-qual\3.31.0\checker-qual-3.31.0.jar;C:\Users\hiba\AppData\Roaming\JetBrains\IntelliJIdea2023.3\jdbc-drivers\PostgreSQL\42.6.0\com\github\waffle\waffle-jna\1.9.1\waffle-jna-1.9.1.jar;C:\Users\hiba\AppData\Roaming\JetBrains\IntelliJIdea2023.3\jdbc-drivers\PostgreSQL\42.6.0\net\java\dev\jna\jna\4.5.1\jna-4.5.1.jar;C:\Users\hiba\AppData\Roaming\JetBrains\IntelliJIdea2023.3\jdbc-drivers\PostgreSQL\42.6.0\net\java\dev\jna\jna-platform\4.5.1\jna-platform-4.5.1.jar;C:\Users\hiba\AppData\Roaming\JetBrains\IntelliJIdea2023.3\jdbc-drivers\PostgreSQL\42.6.0\org\slf4j\jcl-over-slf4j\1.7.25\jcl-over-slf4j-1.7.25.jar;C:\Users\hiba\AppData\Roaming\JetBrains\IntelliJIdea2023.3\jdbc-drivers\PostgreSQL\42.6.0\org\slf4j\slf4j-api\1.7.25\slf4j-api-1.7.25.jar;C:\Users\hiba\AppData\Roaming\JetBrains\IntelliJIdea2023.3\jdbc-drivers\PostgreSQL\42.6.0\com\github\ben-manes\caffeine\caffeine\2.6.2\caffeine-2.6.2.jar --add-exports=java.desktop/sun.awt=ALL-UNNAMED --add-exports=java.desktop/java.awt.peer=ALL-UNNAMED --add-opens=java.desktop/java.awt=ALL-UNNAMED --add-opens=jdk.unsupported/sun.misc=ALL-UNNAMED --add-opens=java.base/java.nio=ALL-UNNAMED --add-opens=java.base/java.util=ALL-UNNAMED -Dfile.encoding=UTF-8 com.intellij.database.remote.RemoteJdbcServer org.postgresql.Driver

Host: 11th Gen Intel(R) Core(TM) i7-1165G7 @ 2.80GHz, 8 cores, 7G,  Windows 10 , 64 bit Build 19041 (10.0.19041.4597)
Time: Thu Aug 15 11:18:20 2024 Maroc (heure d64 bit Build 19041 (10.0.19041.4597) elapsed time: 8219.730170 seconds (0d 2h 16m 59s)

---------------  T H R E A D  ---------------

Current thread (0x000001fa540463c0):  JavaThread "C2 CompilerThread0" daemon [_thread_in_native, id=14932, stack(0x000000b083800000,0x000000b083900000)]


Current CompileTask:
C2:8219730 2942       4       java.io.ObjectStreamClass::getReflector (100 bytes)

Stack: [0x000000b083800000,0x000000b083900000]
Native frames: (J=compiled Java code, j=interpreted, Vv=VM code, C=native code)
V  [jvm.dll+0x688a29]
V  [jvm.dll+0x84216a]
V  [jvm.dll+0x843dae]
V  [jvm.dll+0x844413]
V  [jvm.dll+0x24ba8f]
V  [jvm.dll+0xac524]
V  [jvm.dll+0xacb6c]
V  [jvm.dll+0x36b972]
V  [jvm.dll+0x335dba]
V  [jvm.dll+0x33525a]
V  [jvm.dll+0x21d751]
V  [jvm.dll+0x21cb71]
V  [jvm.dll+0x1a603d]
V  [jvm.dll+0x22ca18]
V  [jvm.dll+0x22ab50]
V  [jvm.dll+0x7f65e7]
V  [jvm.dll+0x7f09ea]
V  [jvm.dll+0x6878a5]
C  [ucrtbase.dll+0x21bb2]
C  [KERNEL32.DLL+0x17374]
C  [ntdll.dll+0x4cc91]


---------------  P R O C E S S  ---------------

Threads class SMR info:
_java_thread_list=0x000001fa56fc1000, length=21, elements={
0x000001fa35aec1c0, 0x000001fa4fc2e660, 0x000001fa4fc08760, 0x000001fa4fc14e70,
0x000001fa4fc17850, 0x000001fa54037000, 0x000001fa54038680, 0x000001fa540463c0,
0x000001fa540468e0, 0x000001fa54047210, 0x000001fa541c05a0, 0x000001fa541c2f00,
0x000001fa544c5bd0, 0x000001fa542d5e60, 0x000001fa54253f00, 0x000001fa542543e0,
0x000001fa543fd700, 0x000001fa543fb8a0, 0x000001fa543fa970, 0x000001fa543fdc10,
0x000001fa543fc7d0
}

Java Threads: ( => current thread )
  0x000001fa35aec1c0 JavaThread "main" [_thread_blocked, id=61056, stack(0x000000b082b00000,0x000000b082c00000)]
  0x000001fa4fc2e660 JavaThread "Reference Handler" daemon [_thread_blocked, id=58180, stack(0x000000b083200000,0x000000b083300000)]
  0x000001fa4fc08760 JavaThread "Finalizer" daemon [_thread_blocked, id=8816, stack(0x000000b083300000,0x000000b083400000)]
  0x000001fa4fc14e70 JavaThread "Signal Dispatcher" daemon [_thread_blocked, id=57280, stack(0x000000b083400000,0x000000b083500000)]
  0x000001fa4fc17850 JavaThread "Attach Listener" daemon [_thread_blocked, id=37208, stack(0x000000b083500000,0x000000b083600000)]
  0x000001fa54037000 JavaThread "Service Thread" daemon [_thread_blocked, id=19784, stack(0x000000b083600000,0x000000b083700000)]
  0x000001fa54038680 JavaThread "Monitor Deflation Thread" daemon [_thread_blocked, id=60020, stack(0x000000b083700000,0x000000b083800000)]
=>0x000001fa540463c0 JavaThread "C2 CompilerThread0" daemon [_thread_in_native, id=14932, stack(0x000000b083800000,0x000000b083900000)]
  0x000001fa540468e0 JavaThread "C1 CompilerThread0" daemon [_thread_blocked, id=62148, stack(0x000000b083900000,0x000000b083a00000)]
  0x000001fa54047210 JavaThread "Sweeper thread" daemon [_thread_blocked, id=59140, stack(0x000000b083a00000,0x000000b083b00000)]
  0x000001fa541c05a0 JavaThread "Common-Cleaner" daemon [_thread_blocked, id=2276, stack(0x000000b083b00000,0x000000b083c00000)]
  0x000001fa541c2f00 JavaThread "Notification Thread" daemon [_thread_blocked, id=51976, stack(0x000000b083c00000,0x000000b083d00000)]
  0x000001fa544c5bd0 JavaThread "RMI TCP Accept-33948" daemon [_thread_in_native, id=24040, stack(0x000000b083e00000,0x000000b083f00000)]
  0x000001fa542d5e60 JavaThread "RMI TCP Accept-0" daemon [_thread_in_native, id=22948, stack(0x000000b083f00000,0x000000b084000000)]
  0x000001fa54253f00 JavaThread "RMI Reaper" [_thread_blocked, id=66492, stack(0x000000b084000000,0x000000b084100000)]
  0x000001fa542543e0 JavaThread "RMI GC Daemon" daemon [_thread_blocked, id=13552, stack(0x000000b084100000,0x000000b084200000)]
  0x000001fa543fd700 JavaThread "RMI Scheduler(0)" daemon [_thread_blocked, id=55852, stack(0x000000b084400000,0x000000b084500000)]
  0x000001fa543fb8a0 JavaThread "RMI RenewClean-[127.0.0.1:63236]" daemon [_thread_blocked, id=7916, stack(0x000000b084700000,0x000000b084800000)]
  0x000001fa543fa970 JavaThread "PostgreSQL-JDBC-Cleaner" daemon [_thread_blocked, id=27720, stack(0x000000b084900000,0x000000b084a00000)]
  0x000001fa543fdc10 JavaThread "RMI TCP Connection(11)-127.0.0.1" daemon [_thread_in_native, id=35836, stack(0x000000b082800000,0x000000b082900000)]
  0x000001fa543fc7d0 JavaThread "RMI TCP Connection(10)-127.0.0.1" daemon [_thread_in_native, id=49224, stack(0x000000b084200000,0x000000b084300000)]

Other Threads:
  0x000001fa54013c70 VMThread "VM Thread" [stack: 0x000000b083100000,0x000000b083200000] [id=37624]
  0x000001fa541dfcf0 WatcherThread [stack: 0x000000b083d00000,0x000000b083e00000] [id=41540]
  0x000001fa35b46cf0 GCTaskThread "GC Thread#0" [stack: 0x000000b082c00000,0x000000b082d00000] [id=45048]
  0x000001fa55537850 GCTaskThread "GC Thread#1" [stack: 0x000000b084a00000,0x000000b084b00000] [id=62076]
  0x000001fa55ab9260 GCTaskThread "GC Thread#2" [stack: 0x000000b084b00000,0x000000b084c00000] [id=13888]
  0x000001fa5514b010 GCTaskThread "GC Thread#3" [stack: 0x000000b084c00000,0x000000b084d00000] [id=36200]
  0x000001fa55428c80 GCTaskThread "GC Thread#4" [stack: 0x000000b084d00000,0x000000b084e00000] [id=64384]
  0x000001fa551db770 GCTaskThread "GC Thread#5" [stack: 0x000000b084e00000,0x000000b084f00000] [id=19144]
  0x000001fa548dd940 GCTaskThread "GC Thread#6" [stack: 0x000000b084f00000,0x000000b085000000] [id=63980]
  0x000001fa548ddc00 GCTaskThread "GC Thread#7" [stack: 0x000000b085000000,0x000000b085100000] [id=57940]
  0x000001fa35b57b50 ConcurrentGCThread "G1 Main Marker" [stack: 0x000000b082d00000,0x000000b082e00000] [id=7544]
  0x000001fa35b59c30 ConcurrentGCThread "G1 Conc#0" [stack: 0x000000b082e00000,0x000000b082f00000] [id=41468]
  0x000001fa35b9e180 ConcurrentGCThread "G1 Refine#0" [stack: 0x000000b082f00000,0x000000b083000000] [id=38888]
  0x000001fa5514b2d0 ConcurrentGCThread "G1 Refine#1" [stack: 0x000000b085100000,0x000000b085200000] [id=17728]
  0x000001fa54312020 ConcurrentGCThread "G1 Refine#2" [stack: 0x000000b085200000,0x000000b085300000] [id=56876]
  0x000001fa54312310 ConcurrentGCThread "G1 Refine#3" [stack: 0x000000b085300000,0x000000b085400000] [id=24988]
  0x000001fa35b9eac0 ConcurrentGCThread "G1 Service" [stack: 0x000000b083000000,0x000000b083100000] [id=9280]

Threads with active compile tasks:
C2 CompilerThread0  8219808 2942       4       java.io.ObjectStreamClass::getReflector (100 bytes)

VM state: not at safepoint (normal execution)

VM Mutex/Monitor currently owned by a thread: None

Heap address: 0x0000000080000000, size: 2048 MB, Compressed Oops mode: 32-bit

CDS archive(s) not mapped
Compressed class space mapped at: 0x0000000100000000-0x0000000140000000, reserved size: 1073741824
Narrow klass base: 0x0000000000000000, Narrow klass shift: 3, Narrow klass range: 0x140000000

GC Precious Log:
 CPUs: 8 total, 8 available
 Memory: 7975M
 Large Page Support: Disabled
 NUMA Support: Disabled
 Compressed Oops: Enabled (32-bit)
 Heap Region Size: 1M
 Heap Min Capacity: 128M
 Heap Initial Capacity: 128M
 Heap Max Capacity: 2G
 Pre-touch: Disabled
 Parallel Workers: 8
 Concurrent Workers: 2
 Concurrent Refinement Workers: 8
 Periodic GC: Disabled

Heap:
 garbage-first heap   total 131072K, used 10905K [0x0000000080000000, 0x0000000100000000)
  region size 1024K, 3 young (3072K), 0 survivors (0K)
 Metaspace       used 20669K, committed 21120K, reserved 1114112K
  class space    used 2058K, committed 2240K, reserved 1048576K

Heap Regions: E=young(eden), S=young(survivor), O=old, HS=humongous(starts), HC=humongous(continues), CS=collection set, F=free, OA=open archive, CA=closed archive, TAMS=top-at-mark-start (previous, next)
|   0|0x0000000080000000, 0x0000000080100000, 0x0000000080100000|100%|HS|  |TAMS 0x0000000080100000, 0x0000000080000000| Untracked 
|   1|0x0000000080100000, 0x0000000080200000, 0x0000000080200000|100%|HC|  |TAMS 0x0000000080200000, 0x0000000080100000| Untracked 
|   2|0x0000000080200000, 0x0000000080300000, 0x0000000080300000|100%|HC|  |TAMS 0x0000000080300000, 0x0000000080200000| Untracked 
|   3|0x0000000080300000, 0x00000000803fac60, 0x0000000080400000| 97%| O|  |TAMS 0x0000000080300000, 0x0000000080300000| Untracked 
|   4|0x0000000080400000, 0x00000000804fffa0, 0x0000000080500000| 99%| O|  |TAMS 0x00000000804fffa0, 0x0000000080400000| Untracked 
|   5|0x0000000080500000, 0x00000000805fffe0, 0x0000000080600000| 99%| O|  |TAMS 0x00000000805fffe0, 0x0000000080500000| Untracked 
|   6|0x0000000080600000, 0x00000000806fffd0, 0x0000000080700000| 99%| O|  |TAMS 0x00000000806fffd0, 0x0000000080600000| Untracked 
|   7|0x0000000080700000, 0x0000000080800000, 0x0000000080800000|100%| O|  |TAMS 0x0000000080800000, 0x0000000080700000| Untracked 
|   8|0x0000000080800000, 0x00000000808ab9a8, 0x0000000080900000| 67%| O|  |TAMS 0x0000000080800000, 0x0000000080800000| Untracked 
|   9|0x0000000080900000, 0x0000000080900000, 0x0000000080a00000|  0%| F|  |TAMS 0x0000000080900000, 0x0000000080900000| Untracked 
|  10|0x0000000080a00000, 0x0000000080a00000, 0x0000000080b00000|  0%| F|  |TAMS 0x0000000080a00000, 0x0000000080a00000| Untracked 
|  11|0x0000000080b00000, 0x0000000080b00000, 0x0000000080c00000|  0%| F|  |TAMS 0x0000000080b00000, 0x0000000080b00000| Untracked 
|  12|0x0000000080c00000, 0x0000000080c00000, 0x0000000080d00000|  0%| F|  |TAMS 0x0000000080c00000, 0x0000000080c00000| Untracked 
|  13|0x0000000080d00000, 0x0000000080d00000, 0x0000000080e00000|  0%| F|  |TAMS 0x0000000080d00000, 0x0000000080d00000| Untracked 
|  14|0x0000000080e00000, 0x0000000080e00000, 0x0000000080f00000|  0%| F|  |TAMS 0x0000000080e00000, 0x0000000080e00000| Untracked 
|  15|0x0000000080f00000, 0x0000000080f00000, 0x0000000081000000|  0%| F|  |TAMS 0x0000000080f00000, 0x0000000080f00000| Untracked 
|  16|0x0000000081000000, 0x0000000081000000, 0x0000000081100000|  0%| F|  |TAMS 0x0000000081000000, 0x0000000081000000| Untracked 
|  17|0x0000000081100000, 0x0000000081100000, 0x0000000081200000|  0%| F|  |TAMS 0x0000000081100000, 0x0000000081100000| Untracked 
|  18|0x0000000081200000, 0x0000000081200000, 0x0000000081300000|  0%| F|  |TAMS 0x0000000081200000, 0x0000000081200000| Untracked 
|  19|0x0000000081300000, 0x0000000081300000, 0x0000000081400000|  0%| F|  |TAMS 0x0000000081300000, 0x0000000081300000| Untracked 
|  20|0x0000000081400000, 0x0000000081400000, 0x0000000081500000|  0%| F|  |TAMS 0x0000000081400000, 0x0000000081400000| Untracked 
|  21|0x0000000081500000, 0x0000000081500000, 0x0000000081600000|  0%| F|  |TAMS 0x0000000081500000, 0x0000000081500000| Untracked 
|  22|0x0000000081600000, 0x0000000081600000, 0x0000000081700000|  0%| F|  |TAMS 0x0000000081600000, 0x0000000081600000| Untracked 
|  23|0x0000000081700000, 0x0000000081700000, 0x0000000081800000|  0%| F|  |TAMS 0x0000000081700000, 0x0000000081700000| Untracked 
|  24|0x0000000081800000, 0x0000000081800000, 0x0000000081900000|  0%| F|  |TAMS 0x0000000081800000, 0x0000000081800000| Untracked 
|  25|0x0000000081900000, 0x0000000081900000, 0x0000000081a00000|  0%| F|  |TAMS 0x0000000081900000, 0x0000000081900000| Untracked 
|  26|0x0000000081a00000, 0x0000000081a00000, 0x0000000081b00000|  0%| F|  |TAMS 0x0000000081a00000, 0x0000000081a00000| Untracked 
|  27|0x0000000081b00000, 0x0000000081b00000, 0x0000000081c00000|  0%| F|  |TAMS 0x0000000081b00000, 0x0000000081b00000| Untracked 
|  28|0x0000000081c00000, 0x0000000081c00000, 0x0000000081d00000|  0%| F|  |TAMS 0x0000000081c00000, 0x0000000081c00000| Untracked 
|  29|0x0000000081d00000, 0x0000000081d00000, 0x0000000081e00000|  0%| F|  |TAMS 0x0000000081d00000, 0x0000000081d00000| Untracked 
|  30|0x0000000081e00000, 0x0000000081e00000, 0x0000000081f00000|  0%| F|  |TAMS 0x0000000081e00000, 0x0000000081e00000| Untracked 
|  31|0x0000000081f00000, 0x0000000081f00000, 0x0000000082000000|  0%| F|  |TAMS 0x0000000081f00000, 0x0000000081f00000| Untracked 
|  32|0x0000000082000000, 0x0000000082000000, 0x0000000082100000|  0%| F|  |TAMS 0x0000000082000000, 0x0000000082000000| Untracked 
|  33|0x0000000082100000, 0x0000000082100000, 0x0000000082200000|  0%| F|  |TAMS 0x0000000082100000, 0x0000000082100000| Untracked 
|  34|0x0000000082200000, 0x0000000082200000, 0x0000000082300000|  0%| F|  |TAMS 0x0000000082200000, 0x0000000082200000| Untracked 
|  35|0x0000000082300000, 0x0000000082300000, 0x0000000082400000|  0%| F|  |TAMS 0x0000000082300000, 0x0000000082300000| Untracked 
|  36|0x0000000082400000, 0x0000000082400000, 0x0000000082500000|  0%| F|  |TAMS 0x0000000082400000, 0x0000000082400000| Untracked 
|  37|0x0000000082500000, 0x0000000082500000, 0x0000000082600000|  0%| F|  |TAMS 0x0000000082500000, 0x0000000082500000| Untracked 
|  38|0x0000000082600000, 0x0000000082600000, 0x0000000082700000|  0%| F|  |TAMS 0x0000000082600000, 0x0000000082600000| Untracked 
|  39|0x0000000082700000, 0x0000000082700000, 0x0000000082800000|  0%| F|  |TAMS 0x0000000082700000, 0x0000000082700000| Untracked 
|  40|0x0000000082800000, 0x0000000082800000, 0x0000000082900000|  0%| F|  |TAMS 0x0000000082800000, 0x0000000082800000| Untracked 
|  41|0x0000000082900000, 0x0000000082900000, 0x0000000082a00000|  0%| F|  |TAMS 0x0000000082900000, 0x0000000082900000| Untracked 
|  42|0x0000000082a00000, 0x0000000082a00000, 0x0000000082b00000|  0%| F|  |TAMS 0x0000000082a00000, 0x0000000082a00000| Untracked 
|  43|0x0000000082b00000, 0x0000000082b00000, 0x0000000082c00000|  0%| F|  |TAMS 0x0000000082b00000, 0x0000000082b00000| Untracked 
|  44|0x0000000082c00000, 0x0000000082c00000, 0x0000000082d00000|  0%| F|  |TAMS 0x0000000082c00000, 0x0000000082c00000| Untracked 
|  45|0x0000000082d00000, 0x0000000082d00000, 0x0000000082e00000|  0%| F|  |TAMS 0x0000000082d00000, 0x0000000082d00000| Untracked 
|  46|0x0000000082e00000, 0x0000000082e00000, 0x0000000082f00000|  0%| F|  |TAMS 0x0000000082e00000, 0x0000000082e00000| Untracked 
|  47|0x0000000082f00000, 0x0000000082f00000, 0x0000000083000000|  0%| F|  |TAMS 0x0000000082f00000, 0x0000000082f00000| Untracked 
|  48|0x0000000083000000, 0x0000000083000000, 0x0000000083100000|  0%| F|  |TAMS 0x0000000083000000, 0x0000000083000000| Untracked 
|  49|0x0000000083100000, 0x0000000083100000, 0x0000000083200000|  0%| F|  |TAMS 0x0000000083100000, 0x0000000083100000| Untracked 
|  50|0x0000000083200000, 0x0000000083200000, 0x0000000083300000|  0%| F|  |TAMS 0x0000000083200000, 0x0000000083200000| Untracked 
|  51|0x0000000083300000, 0x0000000083300000, 0x0000000083400000|  0%| F|  |TAMS 0x0000000083300000, 0x0000000083300000| Untracked 
|  52|0x0000000083400000, 0x0000000083400000, 0x0000000083500000|  0%| F|  |TAMS 0x0000000083400000, 0x0000000083400000| Untracked 
|  53|0x0000000083500000, 0x0000000083500000, 0x0000000083600000|  0%| F|  |TAMS 0x0000000083500000, 0x0000000083500000| Untracked 
|  54|0x0000000083600000, 0x0000000083600000, 0x0000000083700000|  0%| F|  |TAMS 0x0000000083600000, 0x0000000083600000| Untracked 
|  55|0x0000000083700000, 0x0000000083700000, 0x0000000083800000|  0%| F|  |TAMS 0x0000000083700000, 0x0000000083700000| Untracked 
|  56|0x0000000083800000, 0x0000000083800000, 0x0000000083900000|  0%| F|  |TAMS 0x0000000083800000, 0x0000000083800000| Untracked 
|  57|0x0000000083900000, 0x0000000083900000, 0x0000000083a00000|  0%| F|  |TAMS 0x0000000083900000, 0x0000000083900000| Untracked 
|  58|0x0000000083a00000, 0x0000000083a00000, 0x0000000083b00000|  0%| F|  |TAMS 0x0000000083a00000, 0x0000000083a00000| Untracked 
|  59|0x0000000083b00000, 0x0000000083b00000, 0x0000000083c00000|  0%| F|  |TAMS 0x0000000083b00000, 0x0000000083b00000| Untracked 
|  60|0x0000000083c00000, 0x0000000083c00000, 0x0000000083d00000|  0%| F|  |TAMS 0x0000000083c00000, 0x0000000083c00000| Untracked 
|  61|0x0000000083d00000, 0x0000000083d00000, 0x0000000083e00000|  0%| F|  |TAMS 0x0000000083d00000, 0x0000000083d00000| Untracked 
|  62|0x0000000083e00000, 0x0000000083e00000, 0x0000000083f00000|  0%| F|  |TAMS 0x0000000083e00000, 0x0000000083e00000| Untracked 
|  63|0x0000000083f00000, 0x0000000083f00000, 0x0000000084000000|  0%| F|  |TAMS 0x0000000083f00000, 0x0000000083f00000| Untracked 
|  64|0x0000000084000000, 0x0000000084000000, 0x0000000084100000|  0%| F|  |TAMS 0x0000000084000000, 0x0000000084000000| Untracked 
|  65|0x0000000084100000, 0x0000000084100000, 0x0000000084200000|  0%| F|  |TAMS 0x0000000084100000, 0x0000000084100000| Untracked 
|  66|0x0000000084200000, 0x0000000084200000, 0x0000000084300000|  0%| F|  |TAMS 0x0000000084200000, 0x0000000084200000| Untracked 
|  67|0x0000000084300000, 0x0000000084300000, 0x0000000084400000|  0%| F|  |TAMS 0x0000000084300000, 0x0000000084300000| Untracked 
|  68|0x0000000084400000, 0x0000000084400000, 0x0000000084500000|  0%| F|  |TAMS 0x0000000084400000, 0x0000000084400000| Untracked 
|  69|0x0000000084500000, 0x0000000084500000, 0x0000000084600000|  0%| F|  |TAMS 0x0000000084500000, 0x0000000084500000| Untracked 
|  70|0x0000000084600000, 0x0000000084600000, 0x0000000084700000|  0%| F|  |TAMS 0x0000000084600000, 0x0000000084600000| Untracked 
|  71|0x0000000084700000, 0x0000000084700000, 0x0000000084800000|  0%| F|  |TAMS 0x0000000084700000, 0x0000000084700000| Untracked 
|  72|0x0000000084800000, 0x0000000084800000, 0x0000000084900000|  0%| F|  |TAMS 0x0000000084800000, 0x0000000084800000| Untracked 
|  73|0x0000000084900000, 0x0000000084900000, 0x0000000084a00000|  0%| F|  |TAMS 0x0000000084900000, 0x0000000084900000| Untracked 
|  74|0x0000000084a00000, 0x0000000084a00000, 0x0000000084b00000|  0%| F|  |TAMS 0x0000000084a00000, 0x0000000084a00000| Untracked 
|  75|0x0000000084b00000, 0x0000000084b00000, 0x0000000084c00000|  0%| F|  |TAMS 0x0000000084b00000, 0x0000000084b00000| Untracked 
|  76|0x0000000084c00000, 0x0000000084c00000, 0x0000000084d00000|  0%| F|  |TAMS 0x0000000084c00000, 0x0000000084c00000| Untracked 
|  77|0x0000000084d00000, 0x0000000084d00000, 0x0000000084e00000|  0%| F|  |TAMS 0x0000000084d00000, 0x0000000084d00000| Untracked 
|  78|0x0000000084e00000, 0x0000000084e00000, 0x0000000084f00000|  0%| F|  |TAMS 0x0000000084e00000, 0x0000000084e00000| Untracked 
|  79|0x0000000084f00000, 0x0000000084f00000, 0x0000000085000000|  0%| F|  |TAMS 0x0000000084f00000, 0x0000000084f00000| Untracked 
|  80|0x0000000085000000, 0x0000000085000000, 0x0000000085100000|  0%| F|  |TAMS 0x0000000085000000, 0x0000000085000000| Untracked 
|  81|0x0000000085100000, 0x0000000085100000, 0x0000000085200000|  0%| F|  |TAMS 0x0000000085100000, 0x0000000085100000| Untracked 
|  82|0x0000000085200000, 0x0000000085200000, 0x0000000085300000|  0%| F|  |TAMS 0x0000000085200000, 0x0000000085200000| Untracked 
|  83|0x0000000085300000, 0x0000000085300000, 0x0000000085400000|  0%| F|  |TAMS 0x0000000085300000, 0x0000000085300000| Untracked 
|  84|0x0000000085400000, 0x0000000085400000, 0x0000000085500000|  0%| F|  |TAMS 0x0000000085400000, 0x0000000085400000| Untracked 
|  85|0x0000000085500000, 0x0000000085500000, 0x0000000085600000|  0%| F|  |TAMS 0x0000000085500000, 0x0000000085500000| Untracked 
|  86|0x0000000085600000, 0x0000000085600000, 0x0000000085700000|  0%| F|  |TAMS 0x0000000085600000, 0x0000000085600000| Untracked 
|  87|0x0000000085700000, 0x0000000085700000, 0x0000000085800000|  0%| F|  |TAMS 0x0000000085700000, 0x0000000085700000| Untracked 
|  88|0x0000000085800000, 0x0000000085800000, 0x0000000085900000|  0%| F|  |TAMS 0x0000000085800000, 0x0000000085800000| Untracked 
|  89|0x0000000085900000, 0x0000000085900000, 0x0000000085a00000|  0%| F|  |TAMS 0x0000000085900000, 0x0000000085900000| Untracked 
|  90|0x0000000085a00000, 0x0000000085a00000, 0x0000000085b00000|  0%| F|  |TAMS 0x0000000085a00000, 0x0000000085a00000| Untracked 
|  91|0x0000000085b00000, 0x0000000085b00000, 0x0000000085c00000|  0%| F|  |TAMS 0x0000000085b00000, 0x0000000085b00000| Untracked 
|  92|0x0000000085c00000, 0x0000000085c00000, 0x0000000085d00000|  0%| F|  |TAMS 0x0000000085c00000, 0x0000000085c00000| Untracked 
|  93|0x0000000085d00000, 0x0000000085d00000, 0x0000000085e00000|  0%| F|  |TAMS 0x0000000085d00000, 0x0000000085d00000| Untracked 
|  94|0x0000000085e00000, 0x0000000085e00000, 0x0000000085f00000|  0%| F|  |TAMS 0x0000000085e00000, 0x0000000085e00000| Untracked 
|  95|0x0000000085f00000, 0x0000000085f00000, 0x0000000086000000|  0%| F|  |TAMS 0x0000000085f00000, 0x0000000085f00000| Untracked 
|  96|0x0000000086000000, 0x0000000086000000, 0x0000000086100000|  0%| F|  |TAMS 0x0000000086000000, 0x0000000086000000| Untracked 
|  97|0x0000000086100000, 0x0000000086100000, 0x0000000086200000|  0%| F|  |TAMS 0x0000000086100000, 0x0000000086100000| Untracked 
|  98|0x0000000086200000, 0x0000000086200000, 0x0000000086300000|  0%| F|  |TAMS 0x0000000086200000, 0x0000000086200000| Untracked 
|  99|0x0000000086300000, 0x0000000086300000, 0x0000000086400000|  0%| F|  |TAMS 0x0000000086300000, 0x0000000086300000| Untracked 
| 100|0x0000000086400000, 0x0000000086400000, 0x0000000086500000|  0%| F|  |TAMS 0x0000000086400000, 0x0000000086400000| Untracked 
| 101|0x0000000086500000, 0x0000000086500000, 0x0000000086600000|  0%| F|  |TAMS 0x0000000086500000, 0x0000000086500000| Untracked 
| 102|0x0000000086600000, 0x0000000086600000, 0x0000000086700000|  0%| F|  |TAMS 0x0000000086600000, 0x0000000086600000| Untracked 
| 103|0x0000000086700000, 0x0000000086700000, 0x0000000086800000|  0%| F|  |TAMS 0x0000000086700000, 0x0000000086700000| Untracked 
| 104|0x0000000086800000, 0x0000000086800000, 0x0000000086900000|  0%| F|  |TAMS 0x0000000086800000, 0x0000000086800000| Untracked 
| 105|0x0000000086900000, 0x0000000086900000, 0x0000000086a00000|  0%| F|  |TAMS 0x0000000086900000, 0x0000000086900000| Untracked 
| 106|0x0000000086a00000, 0x0000000086a00000, 0x0000000086b00000|  0%| F|  |TAMS 0x0000000086a00000, 0x0000000086a00000| Untracked 
| 107|0x0000000086b00000, 0x0000000086b00000, 0x0000000086c00000|  0%| F|  |TAMS 0x0000000086b00000, 0x0000000086b00000| Untracked 
| 108|0x0000000086c00000, 0x0000000086c00000, 0x0000000086d00000|  0%| F|  |TAMS 0x0000000086c00000, 0x0000000086c00000| Untracked 
| 109|0x0000000086d00000, 0x0000000086d00000, 0x0000000086e00000|  0%| F|  |TAMS 0x0000000086d00000, 0x0000000086d00000| Untracked 
| 110|0x0000000086e00000, 0x0000000086e00000, 0x0000000086f00000|  0%| F|  |TAMS 0x0000000086e00000, 0x0000000086e00000| Untracked 
| 111|0x0000000086f00000, 0x0000000086f00000, 0x0000000087000000|  0%| F|  |TAMS 0x0000000086f00000, 0x0000000086f00000| Untracked 
| 112|0x0000000087000000, 0x0000000087000000, 0x0000000087100000|  0%| F|  |TAMS 0x0000000087000000, 0x0000000087000000| Untracked 
| 113|0x0000000087100000, 0x0000000087100000, 0x0000000087200000|  0%| F|  |TAMS 0x0000000087100000, 0x0000000087100000| Untracked 
| 114|0x0000000087200000, 0x0000000087200000, 0x0000000087300000|  0%| F|  |TAMS 0x0000000087200000, 0x0000000087200000| Untracked 
| 115|0x0000000087300000, 0x0000000087300000, 0x0000000087400000|  0%| F|  |TAMS 0x0000000087300000, 0x0000000087300000| Untracked 
| 116|0x0000000087400000, 0x0000000087400000, 0x0000000087500000|  0%| F|  |TAMS 0x0000000087400000, 0x0000000087400000| Untracked 
| 117|0x0000000087500000, 0x0000000087500000, 0x0000000087600000|  0%| F|  |TAMS 0x0000000087500000, 0x0000000087500000| Untracked 
| 118|0x0000000087600000, 0x0000000087600000, 0x0000000087700000|  0%| F|  |TAMS 0x0000000087600000, 0x0000000087600000| Untracked 
| 119|0x0000000087700000, 0x0000000087700000, 0x0000000087800000|  0%| F|  |TAMS 0x0000000087700000, 0x0000000087700000| Untracked 
| 120|0x0000000087800000, 0x0000000087800000, 0x0000000087900000|  0%| F|  |TAMS 0x0000000087800000, 0x0000000087800000| Untracked 
| 121|0x0000000087900000, 0x0000000087900000, 0x0000000087a00000|  0%| F|  |TAMS 0x0000000087900000, 0x0000000087900000| Untracked 
| 122|0x0000000087a00000, 0x0000000087a00000, 0x0000000087b00000|  0%| F|  |TAMS 0x0000000087a00000, 0x0000000087a00000| Untracked 
| 123|0x0000000087b00000, 0x0000000087b00000, 0x0000000087c00000|  0%| F|  |TAMS 0x0000000087b00000, 0x0000000087b00000| Untracked 
| 124|0x0000000087c00000, 0x0000000087c00000, 0x0000000087d00000|  0%| F|  |TAMS 0x0000000087c00000, 0x0000000087c00000| Untracked 
| 125|0x0000000087d00000, 0x0000000087d5d7d0, 0x0000000087e00000| 36%| E|  |TAMS 0x0000000087d00000, 0x0000000087d00000| Complete 
| 126|0x0000000087e00000, 0x0000000087f00000, 0x0000000087f00000|100%| E|CS|TAMS 0x0000000087e00000, 0x0000000087e00000| Complete 
| 127|0x0000000087f00000, 0x0000000088000000, 0x0000000088000000|100%| E|CS|TAMS 0x0000000087f00000, 0x0000000087f00000| Complete 

Card table byte_map: [0x000001fa489a0000,0x000001fa48da0000] _byte_map_base: 0x000001fa485a0000

Marking Bits (Prev, Next): (CMBitMap*) 0x000001fa35b47220, (CMBitMap*) 0x000001fa35b47260
 Prev Bits: [0x000001fa491a0000, 0x000001fa4b1a0000)
 Next Bits: [0x000001fa4b1a0000, 0x000001fa4d1a0000)

Polling page: 0x000001fa33c60000

Metaspace:

Usage:
  Non-class:     18.17 MB used.
      Class:      2.01 MB used.
       Both:     20.18 MB used.

Virtual space:
  Non-class space:       64.00 MB reserved,      18.44 MB ( 29%) committed,  1 nodes.
      Class space:        1.00 GB reserved,       2.19 MB ( <1%) committed,  1 nodes.
             Both:        1.06 GB reserved,      20.62 MB (  2%) committed. 

Chunk freelists:
   Non-Class:  13.61 MB
       Class:  13.89 MB
        Both:  27.49 MB

MaxMetaspaceSize: unlimited
CompressedClassSpaceSize: 1.00 GB
Initial GC threshold: 21.00 MB
Current GC threshold: 34.38 MB
CDS: off
MetaspaceReclaimPolicy: balanced
 - commit_granule_bytes: 65536.
 - commit_granule_words: 8192.
 - virtual_space_node_default_size: 8388608.
 - enlarge_chunks_in_place: 1.
 - new_chunks_are_fully_committed: 0.
 - uncommit_free_chunks: 1.
 - use_allocation_guard: 0.
 - handle_deallocations: 1.


Internal statistics:

num_allocs_failed_limit: 0.
num_arena_births: 434.
num_arena_deaths: 126.
num_vsnodes_births: 2.
num_vsnodes_deaths: 0.
num_space_committed: 330.
num_space_uncommitted: 0.
num_chunks_returned_to_freelist: 167.
num_chunks_taken_from_freelist: 872.
num_chunk_merges: 53.
num_chunk_splits: 483.
num_chunks_enlarged: 193.
num_inconsistent_stats: 0.

CodeHeap 'non-profiled nmethods': size=120000Kb used=2132Kb max_used=2132Kb free=117867Kb
 bounds [0x000001fa40d30000, 0x000001fa40fa0000, 0x000001fa48260000]
CodeHeap 'profiled nmethods': size=120000Kb used=6118Kb max_used=6118Kb free=113881Kb
 bounds [0x000001fa39260000, 0x000001fa39860000, 0x000001fa40790000]
CodeHeap 'non-nmethods': size=5760Kb used=1220Kb max_used=1288Kb free=4539Kb
 bounds [0x000001fa40790000, 0x000001fa40a00000, 0x000001fa40d30000]
 total_blobs=3432 nmethods=2922 adapters=422
 compilation: enabled
              stopped_count=0, restarted_count=0
 full_count=0

Compilation events (20 events):
Event: 7128.029 Thread 0x000001fa540463c0 nmethod 2932 0x000001fa40f41190 code [0x000001fa40f41360, 0x000001fa40f41c08]
Event: 7201.121 Thread 0x000001fa540468e0 2933       3       java.lang.ClassValue$Entry::isPromise (14 bytes)
Event: 7201.134 Thread 0x000001fa540468e0 nmethod 2933 0x000001fa39853010 code [0x000001fa398531a0, 0x000001fa39853318]
Event: 7424.211 Thread 0x000001fa540463c0 2934   !   4       java.io.ObjectInputStream::readTypeString (128 bytes)
Event: 7424.310 Thread 0x000001fa540463c0 nmethod 2934 0x000001fa40f42010 code [0x000001fa40f42260, 0x000001fa40f42c00]
Event: 7501.093 Thread 0x000001fa540468e0 2935       3       java.util.ImmutableCollections$ListItr::hasNext (17 bytes)
Event: 7501.118 Thread 0x000001fa540468e0 nmethod 2935 0x000001fa39853390 code [0x000001fa39853520, 0x000001fa39853698]
Event: 7651.774 Thread 0x000001fa540468e0 2936       3       java.lang.Thread::setUncaughtExceptionHandler (10 bytes)
Event: 7651.795 Thread 0x000001fa540468e0 nmethod 2936 0x000001fa39853710 code [0x000001fa398538e0, 0x000001fa39853c48]
Event: 7663.944 Thread 0x000001fa540463c0 2937       4       sun.rmi.transport.StreamRemoteCall::getResultStream (86 bytes)
Event: 7664.019 Thread 0x000001fa540463c0 nmethod 2937 0x000001fa40f43710 code [0x000001fa40f43900, 0x000001fa40f44518]
Event: 7681.775 Thread 0x000001fa540468e0 2938       3       org.postgresql.util.LazyCleaner::access$400 (5 bytes)
Event: 7681.783 Thread 0x000001fa540468e0 nmethod 2938 0x000001fa39853d90 code [0x000001fa39853f40, 0x000001fa398541f8]
Event: 7681.783 Thread 0x000001fa540468e0 2939  s    3       org.postgresql.util.LazyCleaner::checkEmpty (16 bytes)
Event: 7681.783 Thread 0x000001fa540468e0 nmethod 2939 0x000001fa39854310 code [0x000001fa398544c0, 0x000001fa39854718]
Event: 7972.947 Thread 0x000001fa540463c0 2940       4       java.util.concurrent.ThreadPoolExecutor::runStateAtLeast (11 bytes)
Event: 7972.950 Thread 0x000001fa540463c0 nmethod 2940 0x000001fa40f44e10 code [0x000001fa40f44f80, 0x000001fa40f44ff8]
Event: 8101.088 Thread 0x000001fa540468e0 2941   !   3       sun.nio.ch.NioSocketImpl::setOption (545 bytes)
Event: 8101.120 Thread 0x000001fa540468e0 nmethod 2941 0x000001fa39854810 code [0x000001fa39854e40, 0x000001fa39857e78]
Event: 8219.325 Thread 0x000001fa540463c0 2942       4       java.io.ObjectStreamClass::getReflector (100 bytes)

GC Heap History (10 events):
Event: 1.484 GC heap before
{Heap before GC invocations=0 (full 0):
 garbage-first heap   total 131072K, used 25600K [0x0000000080000000, 0x0000000100000000)
  region size 1024K, 23 young (23552K), 0 survivors (0K)
 Metaspace       used 18388K, committed 18688K, reserved 1114112K
  class space    used 1923K, committed 2048K, reserved 1048576K
}
Event: 1.489 GC heap after
{Heap after GC invocations=1 (full 0):
 garbage-first heap   total 131072K, used 8804K [0x0000000080000000, 0x0000000100000000)
  region size 1024K, 3 young (3072K), 3 survivors (3072K)
 Metaspace       used 18388K, committed 18688K, reserved 1114112K
  class space    used 1923K, committed 2048K, reserved 1048576K
}
Event: 1498.098 GC heap before
{Heap before GC invocations=1 (full 0):
 garbage-first heap   total 131072K, used 30308K [0x0000000080000000, 0x0000000100000000)
  region size 1024K, 24 young (24576K), 3 survivors (3072K)
 Metaspace       used 19674K, committed 19968K, reserved 1114112K
  class space    used 1993K, committed 2112K, reserved 1048576K
}
Event: 1498.222 GC heap after
{Heap after GC invocations=2 (full 0):
 garbage-first heap   total 131072K, used 9301K [0x0000000080000000, 0x0000000100000000)
  region size 1024K, 1 young (1024K), 1 survivors (1024K)
 Metaspace       used 19674K, committed 19968K, reserved 1114112K
  class space    used 1993K, committed 2112K, reserved 1048576K
}
Event: 3367.923 GC heap before
{Heap before GC invocations=2 (full 0):
 garbage-first heap   total 131072K, used 41045K [0x0000000080000000, 0x0000000100000000)
  region size 1024K, 32 young (32768K), 1 survivors (1024K)
 Metaspace       used 20649K, committed 20928K, reserved 1114112K
  class space    used 2089K, committed 2240K, reserved 1048576K
}
Event: 3367.930 GC heap after
{Heap after GC invocations=3 (full 0):
 garbage-first heap   total 131072K, used 10357K [0x0000000080000000, 0x0000000100000000)
  region size 1024K, 2 young (2048K), 2 survivors (2048K)
 Metaspace       used 20649K, committed 20928K, reserved 1114112K
  class space    used 2089K, committed 2240K, reserved 1048576K
}
Event: 3600.043 GC heap before
{Heap before GC invocations=3 (full 0):
 garbage-first heap   total 131072K, used 41077K [0x0000000080000000, 0x0000000100000000)
  region size 1024K, 33 young (33792K), 2 survivors (2048K)
 Metaspace       used 20811K, committed 21120K, reserved 1114112K
  class space    used 2092K, committed 2240K, reserved 1048576K
}
Event: 3600.209 GC heap after
{Heap after GC invocations=4 (full 1):
 garbage-first heap   total 131072K, used 8942K [0x0000000080000000, 0x0000000100000000)
  region size 1024K, 0 young (0K), 0 survivors (0K)
 Metaspace       used 20669K, committed 21120K, reserved 1114112K
  class space    used 2058K, committed 2240K, reserved 1048576K
}
Event: 7200.220 GC heap before
{Heap before GC invocations=4 (full 1):
 garbage-first heap   total 131072K, used 15086K [0x0000000080000000, 0x0000000100000000)
  region size 1024K, 7 young (7168K), 0 survivors (0K)
 Metaspace       used 20669K, committed 21120K, reserved 1114112K
  class space    used 2058K, committed 2240K, reserved 1048576K
}
Event: 7200.325 GC heap after
{Heap after GC invocations=5 (full 2):
 garbage-first heap   total 131072K, used 8857K [0x0000000080000000, 0x0000000100000000)
  region size 1024K, 0 young (0K), 0 survivors (0K)
 Metaspace       used 20669K, committed 21120K, reserved 1114112K
  class space    used 2058K, committed 2240K, reserved 1048576K
}

Dll operation events (1 events):
Event: 0.021 Loaded shared library C:\Program Files\JetBrains\IntelliJ IDEA 2023.3.6\jbr\bin\java.dll

Deoptimization events (20 events):
Event: 3395.952 Thread 0x000001fa543fc7d0 Uncommon trap: trap_request=0xffffff45 fr.pc=0x000001fa40debf78 relative=0x00000000000011b8
Event: 3395.952 Thread 0x000001fa543fc7d0 Uncommon trap: reason=unstable_if action=reinterpret pc=0x000001fa40debf78 method=org.postgresql.jdbc.PgResultSetMetaData.getColumnTypeName(I)Ljava/lang/String; @ 21 c2
Event: 3395.953 Thread 0x000001fa543fc7d0 DEOPT PACKING pc=0x000001fa40debf78 sp=0x000000b0842fe250
Event: 3395.953 Thread 0x000001fa543fc7d0 DEOPT UNPACKING pc=0x000001fa407ea1a3 sp=0x000000b0842fe180 mode 2
Event: 3395.955 Thread 0x000001fa543fc7d0 DEOPT PACKING pc=0x000001fa395a85a1 sp=0x000000b0842fe780
Event: 3395.955 Thread 0x000001fa543fc7d0 DEOPT UNPACKING pc=0x000001fa407eace3 sp=0x000000b0842fdc48 mode 0
Event: 3395.955 Thread 0x000001fa543fc7d0 DEOPT PACKING pc=0x000001fa395a85a1 sp=0x000000b0842fe780
Event: 3395.955 Thread 0x000001fa543fc7d0 DEOPT UNPACKING pc=0x000001fa407eace3 sp=0x000000b0842fdc48 mode 0
Event: 3601.050 Thread 0x000001fa543fb8a0 Uncommon trap: trap_request=0xffffff45 fr.pc=0x000001fa40dd5250 relative=0x00000000000019f0
Event: 3601.050 Thread 0x000001fa543fb8a0 Uncommon trap: reason=unstable_if action=reinterpret pc=0x000001fa40dd5250 method=java.io.ClassCache.processQueue()V @ 9 c2
Event: 3601.050 Thread 0x000001fa543fb8a0 DEOPT PACKING pc=0x000001fa40dd5250 sp=0x000000b0847feee0
Event: 3601.050 Thread 0x000001fa543fb8a0 DEOPT UNPACKING pc=0x000001fa407ea1a3 sp=0x000000b0847fed48 mode 2
Event: 3601.051 Thread 0x000001fa543fb8a0 Uncommon trap: trap_request=0xffffff45 fr.pc=0x000001fa40e05048 relative=0x0000000000000128
Event: 3601.051 Thread 0x000001fa543fb8a0 Uncommon trap: reason=unstable_if action=reinterpret pc=0x000001fa40e05048 method=java.lang.ClassValue.match(Ljava/lang/ClassValue$Entry;)Z @ 12 c2
Event: 3601.051 Thread 0x000001fa543fb8a0 DEOPT PACKING pc=0x000001fa40e05048 sp=0x000000b0847fed60
Event: 3601.051 Thread 0x000001fa543fb8a0 DEOPT UNPACKING pc=0x000001fa407ea1a3 sp=0x000000b0847fecc0 mode 2
Event: 3601.051 Thread 0x000001fa543fb8a0 Uncommon trap: trap_request=0xffffff45 fr.pc=0x000001fa40e05ab8 relative=0x00000000000005f8
Event: 3601.051 Thread 0x000001fa543fb8a0 Uncommon trap: reason=unstable_if action=reinterpret pc=0x000001fa40e05ab8 method=java.lang.ClassValue.match(Ljava/lang/ClassValue$Entry;)Z @ 12 c2
Event: 3601.051 Thread 0x000001fa543fb8a0 DEOPT PACKING pc=0x000001fa40e05ab8 sp=0x000000b0847fee00
Event: 3601.051 Thread 0x000001fa543fb8a0 DEOPT UNPACKING pc=0x000001fa407ea1a3 sp=0x000000b0847fece0 mode 2

Classes unloaded (20 events):
Event: 3600.090 Thread 0x000001fa54013c70 Unloading class 0x0000000100145c00 'java/lang/invoke/LambdaForm$MH+0x0000000100145c00'
Event: 3600.090 Thread 0x000001fa54013c70 Unloading class 0x0000000100145800 'java/lang/invoke/LambdaForm$MH+0x0000000100145800'
Event: 3600.090 Thread 0x000001fa54013c70 Unloading class 0x0000000100145000 'java/lang/invoke/LambdaForm$MH+0x0000000100145000'
Event: 3600.090 Thread 0x000001fa54013c70 Unloading class 0x0000000100144c00 'java/lang/invoke/LambdaForm$MH+0x0000000100144c00'
Event: 3600.090 Thread 0x000001fa54013c70 Unloading class 0x0000000100144800 'java/lang/invoke/LambdaForm$MH+0x0000000100144800'
Event: 3600.090 Thread 0x000001fa54013c70 Unloading class 0x0000000100144400 'java/lang/invoke/LambdaForm$MH+0x0000000100144400'
Event: 3600.090 Thread 0x000001fa54013c70 Unloading class 0x0000000100144000 'java/lang/invoke/LambdaForm$MH+0x0000000100144000'
Event: 3600.090 Thread 0x000001fa54013c70 Unloading class 0x0000000100143c00 'java/lang/invoke/LambdaForm$MH+0x0000000100143c00'
Event: 3600.090 Thread 0x000001fa54013c70 Unloading class 0x0000000100143000 'java/lang/invoke/LambdaForm$MH+0x0000000100143000'
Event: 3600.090 Thread 0x000001fa54013c70 Unloading class 0x0000000100142800 'java/lang/invoke/LambdaForm$MH+0x0000000100142800'
Event: 3600.090 Thread 0x000001fa54013c70 Unloading class 0x0000000100142000 'java/lang/invoke/LambdaForm$MH+0x0000000100142000'
Event: 3600.090 Thread 0x000001fa54013c70 Unloading class 0x0000000100141800 'java/lang/invoke/LambdaForm$MH+0x0000000100141800'
Event: 3600.090 Thread 0x000001fa54013c70 Unloading class 0x0000000100140c00 'java/lang/invoke/LambdaForm$MH+0x0000000100140c00'
Event: 3600.090 Thread 0x000001fa54013c70 Unloading class 0x0000000100140800 'java/lang/invoke/LambdaForm$MH+0x0000000100140800'
Event: 3600.090 Thread 0x000001fa54013c70 Unloading class 0x0000000100140000 'java/lang/invoke/LambdaForm$MH+0x0000000100140000'
Event: 3600.090 Thread 0x000001fa54013c70 Unloading class 0x000000010008d000 'java/lang/invoke/LambdaForm$DMH+0x000000010008d000'
Event: 3600.090 Thread 0x000001fa54013c70 Unloading class 0x000000010008c800 'java/lang/invoke/LambdaForm$DMH+0x000000010008c800'
Event: 3600.090 Thread 0x000001fa54013c70 Unloading class 0x000000010008a400 'java/lang/invoke/LambdaForm$MH+0x000000010008a400'
Event: 3600.090 Thread 0x000001fa54013c70 Unloading class 0x0000000100089800 'java/lang/invoke/LambdaForm$MH+0x0000000100089800'
Event: 3600.090 Thread 0x000001fa54013c70 Unloading class 0x0000000100085400 'java/lang/invoke/LambdaForm$MH+0x0000000100085400'

Classes redefined (0 events):
No events

Internal exceptions (20 events):
Event: 1.106 Thread 0x000001fa543fcce0 Exception <a 'java/lang/NoSuchMethodError'{0x00000000872af518}: 'void java.lang.invoke.DirectMethodHandle$Holder.invokeStatic(java.lang.Object, java.lang.Object, java.lang.Object, java.lang.Object)'> (0x00000000872af518) 
thrown [s\src\hotspot\share\interpreter\linkResolver.cpp, line 771]
Event: 1.115 Thread 0x000001fa543fcce0 Exception <a 'java/lang/NoSuchMethodError'{0x0000000087119068}: 'int java.lang.invoke.DirectMethodHandle$Holder.invokeStaticInit(java.lang.Object, java.lang.Object, java.lang.Object, java.lang.Object)'> (0x0000000087119068) 
thrown [s\src\hotspot\share\interpreter\linkResolver.cpp, line 771]
Event: 1.115 Thread 0x000001fa543fcce0 Exception <a 'java/lang/IncompatibleClassChangeError'{0x0000000087122248}: Found class java.lang.Object, but interface was expected> (0x0000000087122248) 
thrown [s\src\hotspot\share\interpreter\linkResolver.cpp, line 838]
Event: 1.116 Thread 0x000001fa543fcce0 Exception <a 'java/lang/NoSuchMethodError'{0x0000000087129168}: 'int java.lang.invoke.DirectMethodHandle$Holder.invokeStaticInit(java.lang.Object, java.lang.Object)'> (0x0000000087129168) 
thrown [s\src\hotspot\share\interpreter\linkResolver.cpp, line 771]
Event: 1.319 Thread 0x000001fa543fcce0 Exception <a 'sun/nio/fs/WindowsException'{0x0000000086d30dd8}> (0x0000000086d30dd8) 
thrown [s\src\hotspot\share\prims\jni.cpp, line 517]
Event: 1.419 Thread 0x000001fa543fcce0 Exception <a 'java/lang/NoSuchMethodError'{0x0000000086bf5370}: 'java.lang.Object java.lang.invoke.DirectMethodHandle$Holder.invokeStaticInit(java.lang.Object, java.lang.Object, java.lang.Object)'> (0x0000000086bf5370) 
thrown [s\src\hotspot\share\interpreter\linkResolver.cpp, line 771]
Event: 1.425 Thread 0x000001fa543fcce0 Exception <a 'java/lang/NoSuchMethodError'{0x0000000086a4e7b0}: 'java.lang.Object java.lang.invoke.DirectMethodHandle$Holder.newInvokeSpecial(java.lang.Object, java.lang.Object, int)'> (0x0000000086a4e7b0) 
thrown [s\src\hotspot\share\interpreter\linkResolver.cpp, line 771]
Event: 1.739 Thread 0x000001fa543fcce0 Exception <a 'java/lang/NoSuchMethodError'{0x0000000087ce8a78}: static [Ljava/lang/Object;.<clinit>()V> (0x0000000087ce8a78) 
thrown [s\src\hotspot\share\prims\jni.cpp, line 1108]
Event: 1.835 Thread 0x000001fa543fcce0 Exception <a 'java/lang/NoSuchMethodError'{0x0000000087a1a708}: static Lcom/intellij/database/remote/jdbc/RemoteResultSet$DataRetrievingOptions;.<clinit>()V> (0x0000000087a1a708) 
thrown [s\src\hotspot\share\prims\jni.cpp, line 1108]
Event: 300.974 Thread 0x000001fa543fb8a0 Implicit null exception at 0x000001fa40df29df to 0x000001fa40df2a90
Event: 3365.077 Thread 0x000001fa54650970 Implicit null exception at 0x000001fa40dabab1 to 0x000001fa40dac480
Event: 3366.174 Thread 0x000001fa54650970 Exception <a 'java/lang/NoSuchMethodError'{0x00000000878e3d88}: static Lcom/intellij/database/remote/jdba/core/ConnectionInfo;.<clinit>()V> (0x00000000878e3d88) 
thrown [s\src\hotspot\share\prims\jni.cpp, line 1108]
Event: 3366.179 Thread 0x000001fa54650970 Exception <a 'java/lang/NoSuchMethodError'{0x00000000878ee140}: static Ljava/lang/Object;.<clinit>()V> (0x00000000878ee140) 
thrown [s\src\hotspot\share\prims\jni.cpp, line 1108]
Event: 3366.179 Thread 0x000001fa54650970 Exception <a 'java/lang/NoSuchMethodError'{0x00000000878f1c90}: static [I.<clinit>()V> (0x00000000878f1c90) 
thrown [s\src\hotspot\share\prims\jni.cpp, line 1108]
Event: 3366.283 Thread 0x000001fa54650970 Exception <a 'java/lang/NoSuchMethodError'{0x0000000087607b40}: static Lcom/intellij/database/remote/jdba/core/ResultLayout;.<clinit>()V> (0x0000000087607b40) 
thrown [s\src\hotspot\share\prims\jni.cpp, line 1108]
Event: 3366.284 Thread 0x000001fa54650970 Exception <a 'java/lang/NoSuchMethodError'{0x0000000087614450}: static Lcom/intellij/database/remote/jdba/core/RowLayout;.<clinit>()V> (0x0000000087614450) 
thrown [s\src\hotspot\share\prims\jni.cpp, line 1108]
Event: 3366.289 Thread 0x000001fa54650970 Exception <a 'java/lang/NoSuchMethodError'{0x0000000087620c50}: static Lcom/intellij/database/remote/jdba/util/NameAndClass;.<clinit>()V> (0x0000000087620c50) 
thrown [s\src\hotspot\share\prims\jni.cpp, line 1108]
Event: 3366.888 Thread 0x000001fa54650970 Exception <a 'java/lang/NoSuchMethodError'{0x00000000875f3cf8}: static [J.<clinit>()V> (0x00000000875f3cf8) 
thrown [s\src\hotspot\share\prims\jni.cpp, line 1108]
Event: 3367.019 Thread 0x000001fa543fc7d0 Implicit null exception at 0x000001fa40def274 to 0x000001fa40def80c
Event: 3370.523 Thread 0x000001fa54650970 Exception <a 'java/lang/NoSuchMethodError'{0x0000000086da4ed0}: static [Ljava/lang/String;.<clinit>()V> (0x0000000086da4ed0) 
thrown [s\src\hotspot\share\prims\jni.cpp, line 1108]

VM Operations (20 events):
Event: 3390.940 Executing VM operation: Cleanup
Event: 3390.940 Executing VM operation: Cleanup done
Event: 3395.941 Executing VM operation: Cleanup
Event: 3395.941 Executing VM operation: Cleanup done
Event: 3395.953 Executing VM operation: HandshakeAllThreads
Event: 3395.954 Executing VM operation: HandshakeAllThreads done
Event: 3396.954 Executing VM operation: Cleanup
Event: 3396.954 Executing VM operation: Cleanup done
Event: 3427.434 Executing VM operation: HandshakeAllThreads
Event: 3427.434 Executing VM operation: HandshakeAllThreads done
Event: 3487.555 Executing VM operation: HandshakeAllThreads
Event: 3487.557 Executing VM operation: HandshakeAllThreads done
Event: 3600.038 Executing VM operation: G1CollectFull
Event: 3600.209 Executing VM operation: G1CollectFull done
Event: 6993.889 Executing VM operation: Cleanup
Event: 6993.894 Executing VM operation: Cleanup done
Event: 7144.960 Executing VM operation: Cleanup
Event: 7144.961 Executing VM operation: Cleanup done
Event: 7200.214 Executing VM operation: G1CollectFull
Event: 7200.325 Executing VM operation: G1CollectFull done

Events (20 events):
Event: 3454.846 Thread 0x000001fa543fb390 Thread added: 0x000001fa543fb390
Event: 3454.847 Thread 0x000001fa543fcce0 Thread added: 0x000001fa543fcce0
Event: 3454.847 Thread 0x000001fa543fc2c0 Thread added: 0x000001fa543fc2c0
Event: 3454.847 Thread 0x000001fa54bb9570 Thread added: 0x000001fa54bb9570
Event: 3454.847 Thread 0x000001fa54bb9a80 Thread added: 0x000001fa54bb9a80
Event: 3454.848 Thread 0x000001fa54bba9b0 Thread added: 0x000001fa54bba9b0
Event: 3454.848 Thread 0x000001fa543fb390 Thread exited: 0x000001fa543fb390
Event: 3454.848 Thread 0x000001fa543fcce0 Thread exited: 0x000001fa543fcce0
Event: 3454.848 Thread 0x000001fa54bbaec0 Thread added: 0x000001fa54bbaec0
Event: 3454.848 Thread 0x000001fa54bbbdf0 Thread added: 0x000001fa54bbbdf0
Event: 3454.848 Thread 0x000001fa54bbc300 Thread added: 0x000001fa54bbc300
Event: 3454.848 Thread 0x000001fa54bb9f90 Thread added: 0x000001fa54bb9f90
Event: 3454.848 Thread 0x000001fa543fc2c0 Thread exited: 0x000001fa543fc2c0
Event: 3454.848 Thread 0x000001fa54bb9570 Thread exited: 0x000001fa54bb9570
Event: 3454.849 Thread 0x000001fa54bba9b0 Thread exited: 0x000001fa54bba9b0
Event: 3454.849 Thread 0x000001fa54bb9a80 Thread exited: 0x000001fa54bb9a80
Event: 3454.849 Thread 0x000001fa54bbaec0 Thread exited: 0x000001fa54bbaec0
Event: 3454.850 Thread 0x000001fa54bbc300 Thread exited: 0x000001fa54bbc300
Event: 3454.850 Thread 0x000001fa54bbbdf0 Thread exited: 0x000001fa54bbbdf0
Event: 3454.850 Thread 0x000001fa54bb9f90 Thread exited: 0x000001fa54bb9f90


Dynamic libraries:
0x00007ff697c80000 - 0x00007ff697c8a000 	C:\Program Files\JetBrains\IntelliJ IDEA 2023.3.6\jbr\bin\java.exe
0x00007ff8920d0000 - 0x00007ff8922c8000 	C:\WINDOWS\SYSTEM32\ntdll.dll
0x00007ff8912f0000 - 0x00007ff8913b1000 	C:\WINDOWS\System32\KERNEL32.DLL
0x00007ff88fd30000 - 0x00007ff890026000 	C:\WINDOWS\System32\KERNELBASE.dll
0x00007ff88fc30000 - 0x00007ff88fd30000 	C:\WINDOWS\System32\ucrtbase.dll
0x00007ff885ba0000 - 0x00007ff885bbb000 	C:\Program Files\JetBrains\IntelliJ IDEA 2023.3.6\jbr\bin\VCRUNTIME140.dll
0x00007ff87ca20000 - 0x00007ff87ca37000 	C:\Program Files\JetBrains\IntelliJ IDEA 2023.3.6\jbr\bin\jli.dll
0x00007ff890df0000 - 0x00007ff890f8f000 	C:\WINDOWS\System32\USER32.dll
0x00007ff88f930000 - 0x00007ff88f952000 	C:\WINDOWS\System32\win32u.dll
0x00007ff891d00000 - 0x00007ff891d2b000 	C:\WINDOWS\System32\GDI32.dll
0x00007ff88f810000 - 0x00007ff88f927000 	C:\WINDOWS\System32\gdi32full.dll
0x00007ff8601c0000 - 0x00007ff86045a000 	C:\WINDOWS\WinSxS\amd64_microsoft.windows.common-controls_6595b64144ccf1df_6.0.19041.4355_none_60b8b9eb71f62e16\COMCTL32.dll
0x00007ff890030000 - 0x00007ff8900cd000 	C:\WINDOWS\System32\msvcp_win.dll
0x00007ff891b90000 - 0x00007ff891c2e000 	C:\WINDOWS\System32\msvcrt.dll
0x00007ff890460000 - 0x00007ff89048f000 	C:\WINDOWS\System32\IMM32.DLL
0x00007ff887da0000 - 0x00007ff887dac000 	C:\Program Files\JetBrains\IntelliJ IDEA 2023.3.6\jbr\bin\vcruntime140_1.dll
0x00007ff859070000 - 0x00007ff8590fd000 	C:\Program Files\JetBrains\IntelliJ IDEA 2023.3.6\jbr\bin\msvcp140.dll
0x00007ffff8a10000 - 0x00007ffff9693000 	C:\Program Files\JetBrains\IntelliJ IDEA 2023.3.6\jbr\bin\server\jvm.dll
0x00007ff8903b0000 - 0x00007ff890460000 	C:\WINDOWS\System32\ADVAPI32.dll
0x00007ff891c50000 - 0x00007ff891cf0000 	C:\WINDOWS\System32\sechost.dll
0x00007ff890cc0000 - 0x00007ff890de3000 	C:\WINDOWS\System32\RPCRT4.dll
0x00007ff8900d0000 - 0x00007ff8900f7000 	C:\WINDOWS\System32\bcrypt.dll
0x00007ff86dd90000 - 0x00007ff86ddb7000 	C:\WINDOWS\SYSTEM32\WINMM.dll
0x00007ff87d4b0000 - 0x00007ff87d4b9000 	C:\WINDOWS\SYSTEM32\WSOCK32.dll
0x00007ff88f300000 - 0x00007ff88f34b000 	C:\WINDOWS\SYSTEM32\POWRPROF.dll
0x00007ff8859a0000 - 0x00007ff8859aa000 	C:\WINDOWS\SYSTEM32\VERSION.dll
0x00007ff890bc0000 - 0x00007ff890c2b000 	C:\WINDOWS\System32\WS2_32.dll
0x00007ff88f2c0000 - 0x00007ff88f2d2000 	C:\WINDOWS\SYSTEM32\UMPDC.dll
0x00007ff88df50000 - 0x00007ff88df62000 	C:\WINDOWS\SYSTEM32\kernel.appcore.dll
0x00007ff885b50000 - 0x00007ff885b5a000 	C:\Program Files\JetBrains\IntelliJ IDEA 2023.3.6\jbr\bin\jimage.dll
0x00007ff88d570000 - 0x00007ff88d754000 	C:\WINDOWS\SYSTEM32\DBGHELP.DLL
0x00007ff881a70000 - 0x00007ff881aa4000 	C:\WINDOWS\SYSTEM32\dbgcore.DLL
0x00007ff88f780000 - 0x00007ff88f802000 	C:\WINDOWS\System32\bcryptPrimitives.dll
0x00007ff873590000 - 0x00007ff8735b5000 	C:\Program Files\JetBrains\IntelliJ IDEA 2023.3.6\jbr\bin\java.dll
0x00007ff87eaf0000 - 0x00007ff87eb08000 	C:\Program Files\JetBrains\IntelliJ IDEA 2023.3.6\jbr\bin\zip.dll
0x00007ff8913c0000 - 0x00007ff891b2c000 	C:\WINDOWS\System32\SHELL32.dll
0x00007ff88d7a0000 - 0x00007ff88df3e000 	C:\WINDOWS\SYSTEM32\windows.storage.dll
0x00007ff890f90000 - 0x00007ff8912e3000 	C:\WINDOWS\System32\combase.dll
0x00007ff88f130000 - 0x00007ff88f15e000 	C:\WINDOWS\SYSTEM32\Wldp.dll
0x00007ff890100000 - 0x00007ff8901cd000 	C:\WINDOWS\System32\OLEAUT32.dll
0x00007ff890640000 - 0x00007ff8906ed000 	C:\WINDOWS\System32\SHCORE.dll
0x00007ff8906f0000 - 0x00007ff890745000 	C:\WINDOWS\System32\shlwapi.dll
0x00007ff88f6b0000 - 0x00007ff88f6d4000 	C:\WINDOWS\SYSTEM32\profapi.dll
0x00007ff87d270000 - 0x00007ff87d289000 	C:\Program Files\JetBrains\IntelliJ IDEA 2023.3.6\jbr\bin\net.dll
0x00007ff88c1f0000 - 0x00007ff88c2fa000 	C:\WINDOWS\SYSTEM32\WINHTTP.dll
0x00007ff88ee70000 - 0x00007ff88eeda000 	C:\WINDOWS\system32\mswsock.dll
0x00007ff87ce20000 - 0x00007ff87ce36000 	C:\Program Files\JetBrains\IntelliJ IDEA 2023.3.6\jbr\bin\nio.dll
0x00007ff88eaf0000 - 0x00007ff88eb2b000 	C:\WINDOWS\SYSTEM32\IPHLPAPI.DLL
0x00007ff891cf0000 - 0x00007ff891cf8000 	C:\WINDOWS\System32\NSI.dll
0x00007ff8878b0000 - 0x00007ff8878c7000 	C:\WINDOWS\SYSTEM32\dhcpcsvc6.DLL
0x00007ff887890000 - 0x00007ff8878ad000 	C:\WINDOWS\SYSTEM32\dhcpcsvc.DLL
0x00007ff88eb90000 - 0x00007ff88ec5a000 	C:\WINDOWS\SYSTEM32\DNSAPI.dll
0x00007ff88f080000 - 0x00007ff88f098000 	C:\WINDOWS\SYSTEM32\CRYPTSP.dll
0x00007ff88e710000 - 0x00007ff88e744000 	C:\WINDOWS\system32\rsaenh.dll
0x00007ff88f620000 - 0x00007ff88f64e000 	C:\WINDOWS\SYSTEM32\USERENV.dll
0x00007ff88f0a0000 - 0x00007ff88f0ac000 	C:\WINDOWS\SYSTEM32\CRYPTBASE.dll
0x00007ff87e4d0000 - 0x00007ff87e4d9000 	C:\Program Files\JetBrains\IntelliJ IDEA 2023.3.6\jbr\bin\extnet.dll
0x00007ff873410000 - 0x00007ff873417000 	C:\Program Files\JetBrains\IntelliJ IDEA 2023.3.6\jbr\bin\rmi.dll
0x00007ff8859d0000 - 0x00007ff8859da000 	C:\Windows\System32\rasadhlp.dll
0x00007ff884550000 - 0x00007ff8845d0000 	C:\WINDOWS\System32\fwpuclnt.dll
0x00007ff87cc00000 - 0x00007ff87cc09000 	C:\Program Files\JetBrains\IntelliJ IDEA 2023.3.6\jbr\bin\management.dll
0x00007ff87cbc0000 - 0x00007ff87cbcb000 	C:\Program Files\JetBrains\IntelliJ IDEA 2023.3.6\jbr\bin\management_ext.dll
0x00007ff8901e0000 - 0x00007ff8901e8000 	C:\WINDOWS\System32\PSAPI.DLL
0x00007ff87e930000 - 0x00007ff87e93e000 	C:\Program Files\JetBrains\IntelliJ IDEA 2023.3.6\jbr\bin\sunmscapi.dll
0x00007ff88fad0000 - 0x00007ff88fc2e000 	C:\WINDOWS\System32\CRYPT32.dll
0x00007ff88f1a0000 - 0x00007ff88f1c9000 	C:\WINDOWS\SYSTEM32\ncrypt.dll
0x00007ff88f160000 - 0x00007ff88f19b000 	C:\WINDOWS\SYSTEM32\NTASN1.dll

dbghelp: loaded successfully - version: 4.0.5 - missing functions: none
symbol engine: initialized successfully - sym options: 0x614 - pdb path: .;C:\Program Files\JetBrains\IntelliJ IDEA 2023.3.6\jbr\bin;C:\WINDOWS\SYSTEM32;C:\WINDOWS\WinSxS\amd64_microsoft.windows.common-controls_6595b64144ccf1df_6.0.19041.4355_none_60b8b9eb71f62e16;C:\Program Files\JetBrains\IntelliJ IDEA 2023.3.6\jbr\bin\server

VM Arguments:
jvm_args: -Djava.rmi.server.hostname=127.0.0.1 -Duser.timezone=UTC -Xmx2048m -Xms128m -Djdbc.classpath=C:\Program Files\JetBrains\IntelliJ IDEA 2023.3.6\plugins\DatabaseTools\lib\jdbc-console.jar;C:\Users\hiba\AppData\Roaming\JetBrains\IntelliJIdea2023.3\jdbc-drivers\PostgreSQL\42.6.0\org\postgresql\postgresql\42.6.0\postgresql-42.6.0.jar;C:\Users\hiba\AppData\Roaming\JetBrains\IntelliJIdea2023.3\jdbc-drivers\PostgreSQL\42.6.0\org\checkerframework\checker-qual\3.31.0\checker-qual-3.31.0.jar;C:\Users\hiba\AppData\Roaming\JetBrains\IntelliJIdea2023.3\jdbc-drivers\PostgreSQL\42.6.0\com\github\waffle\waffle-jna\1.9.1\waffle-jna-1.9.1.jar;C:\Users\hiba\AppData\Roaming\JetBrains\IntelliJIdea2023.3\jdbc-drivers\PostgreSQL\42.6.0\net\java\dev\jna\jna\4.5.1\jna-4.5.1.jar;C:\Users\hiba\AppData\Roaming\JetBrains\IntelliJIdea2023.3\jdbc-drivers\PostgreSQL\42.6.0\net\java\dev\jna\jna-platform\4.5.1\jna-platform-4.5.1.jar;C:\Users\hiba\AppData\Roaming\JetBrains\IntelliJIdea2023.3\jdbc-drivers\PostgreSQL\42.6.0\org\slf4j\jcl-over-slf4j\1.7.25\jcl-over-slf4j-1.7.25.jar;C:\Users\hiba\AppData\Roaming\JetBrains\IntelliJIdea2023.3\jdbc-drivers\PostgreSQL\42.6.0\org\slf4j\slf4j-api\1.7.25\slf4j-api-1.7.25.jar;C:\Users\hiba\AppData\Roaming\JetBrains\IntelliJIdea2023.3\jdbc-drivers\PostgreSQL\42.6.0\com\github\ben-manes\caffeine\caffeine\2.6.2\caffeine-2.6.2.jar --add-exports=java.desktop/sun.awt=ALL-UNNAMED --add-exports=java.desktop/java.awt.peer=ALL-UNNAMED --add-opens=java.desktop/java.awt=ALL-UNNAMED --add-opens=jdk.unsupported/sun.misc=ALL-UNNAMED --add-opens=java.base/java.nio=ALL-UNNAMED --add-opens=java.base/java.util=ALL-UNNAMED -Dfile.encoding=UTF-8 
java_command: com.intellij.database.remote.RemoteJdbcServer org.postgresql.Driver
java_class_path (initial): C:\Program Files\JetBrains\IntelliJ IDEA 2023.3.6\lib\util_rt.jar;C:\Program Files\JetBrains\IntelliJ IDEA 2023.3.6\lib\util-8.jar;C:\Program Files\JetBrains\IntelliJ IDEA 2023.3.6\lib\groovy.jar;C:\Program Files\JetBrains\IntelliJ IDEA 2023.3.6\plugins\DatabaseTools\lib\jdbc-console.jar;C:\Program Files\JetBrains\IntelliJ IDEA 2023.3.6\plugins\grid-core-impl\lib\jdbc-console-types.jar;C:\Program Files\JetBrains\IntelliJ IDEA 2023.3.6\lib\util.jar
Launcher Type: SUN_STANDARD

[Global flags]
     intx CICompilerCount                          = 4                                         {product} {ergonomic}
     uint ConcGCThreads                            = 2                                         {product} {ergonomic}
     uint G1ConcRefinementThreads                  = 8                                         {product} {ergonomic}
   size_t G1HeapRegionSize                         = 1048576                                   {product} {ergonomic}
    uintx GCDrainStackTargetSize                   = 64                                        {product} {ergonomic}
   size_t InitialHeapSize                          = 134217728                                 {product} {command line}
   size_t MarkStackSize                            = 4194304                                   {product} {ergonomic}
   size_t MaxHeapSize                              = 2147483648                                {product} {command line}
   size_t MaxNewSize                               = 1287651328                                {product} {ergonomic}
   size_t MinHeapDeltaBytes                        = 1048576                                   {product} {ergonomic}
   size_t MinHeapSize                              = 134217728                                 {product} {command line}
    uintx NonNMethodCodeHeapSize                   = 5839372                                {pd product} {ergonomic}
    uintx NonProfiledCodeHeapSize                  = 122909434                              {pd product} {ergonomic}
    uintx ProfiledCodeHeapSize                     = 122909434                              {pd product} {ergonomic}
    uintx ReservedCodeCacheSize                    = 251658240                              {pd product} {ergonomic}
     bool SegmentedCodeCache                       = true                                      {product} {ergonomic}
   size_t SoftMaxHeapSize                          = 2147483648                             {manageable} {ergonomic}
     bool UseCompressedClassPointers               = true                           {product lp64_product} {ergonomic}
     bool UseCompressedOops                        = true                           {product lp64_product} {ergonomic}
     bool UseG1GC                                  = true                                      {product} {ergonomic}
     bool UseLargePagesIndividualAllocation        = false                                  {pd product} {ergonomic}

Logging:
Log output configuration:
 #0: stdout all=warning uptime,level,tags
 #1: stderr all=off uptime,level,tags

Environment Variables:
JAVA_HOME=C:\Program Files\Java\jdk-20
PATH=C:\Program Files\Common Files\Oracle\Java\javapath;C:\Program Files\Java\jdk-17.0.4\bin;C:\Program Files (x86)\Common Files\Oracle\Java\javapath;C:\app\hiba\product\11.2.0\dbhome_1\bin;C:\Program Files (x86)\VMware\VMware Player\bin\;C:\Windows\system32;C:\Windows;C:\Windows\System32\Wbem;C:\Windows\System32\WindowsPowerShell\v1.0\;C:\Windows\System32\OpenSSH\;C:\Program Files\Microsoft SQL Server\130\Tools\Binn\;C:\Program Files (x86)\Microsoft SQL Server\150\Tools\Binn\;C:\Program Files\Microsoft SQL Server\150\Tools\Binn\;C:\Program Files\Microsoft SQL Server\150\DTS\Binn\;C:\Program Files\Microsoft SQL Server\Client SDK\ODBC\170\Tools\Binn\;C:\Program Files (x86)\Microsoft SQL Server\160\Tools\Binn\;C:\Program Files\Microsoft SQL Server\160\Tools\Binn\;C:\Program Files\Microsoft SQL Server\160\DTS\Binn\;C:\Program Files\Azure Data Studio\bin;C:\Program Files (x86)\Microsoft SQL Server\160\DTS\Binn\;C:\Program Files\Maven\apache-maven-3.9.0\bin;C:\WINDOWS\system32;C:\WINDOWS;C:\WINDOWS\System32\Wbem;C:\WINDOWS\System32\Windows;C:\Program Files\Docker\Docker\resources\bin;C:\Program Files\nodejs\;C:\ProgramData\chocolatey\bin;C:\Program Files\Git\cmd;C:\Program Files\Git\bin;C:\Program Files\MySQL\MySQL Shell 8.0\bin\;C:\Users\hiba\AppData\Roaming\Microsoft\Windows\Start Menu\Programs\Python 3.10;C:\Users\hiba\AppData\Local\Programs\Python\Python310\;C:\Users\hiba;C:\Program Files\Java\jdk-17.0.4\bin;C:\Users\hiba\AppData\Local\Programs\Microsoft VS Code\bin;C:\Program Files\Azure Data Studio\bin;C:\Users\hiba\AppData\Local\Microsoft\WindowsApps;C:\Users\hiba\.dotnet\tools;C:\Users\hiba\protoc-24.4-osx-x86_64\protoc;C:\Program Files\JetBrains\PyCharm 2023.3.1\bin;;C:\Users\hiba\Downloads\flutter-3-16-2\flutter\bin;C:\Users\hiba\OneDrive\Bureau\dart-sdk\bin;C:\Users\hiba\AppData\Roaming\nvm;C:\Program Files\nodejs;C:\Users\hiba\AppData\Roaming\npm;C:\Program Files\Git\cmd\git.exe;
USERNAME=hiba
OS=Windows_NT
PROCESSOR_IDENTIFIER=Intel64 Family 6 Model 140 Stepping 1, GenuineIntel
TMP=C:\Users\hiba\AppData\Local\Temp
TEMP=C:\Users\hiba\AppData\Local\Temp



Periodic native trim disabled

JNI global refs:
JNI global refs: 17, weak refs: 0

JNI global refs memory usage: 843, weak refs: 841

OOME stack traces (most recent first):
Classloader memory used:
Loader bootstrap                                                                       : 1984K
Loader jdk.internal.loader.ClassLoaders$AppClassLoader                                 : 268K
Loader com.intellij.database.remote.jdbc.impl.JdbcClassLoader$JdbcClassLoaderImpl      : 240K
Loader jdk.internal.loader.ClassLoaders$PlatformClassLoader                            : 52639B
Loader jdk.internal.reflect.DelegatingClassLoader                                      : 39163B


---------------  S Y S T E M  ---------------

OS:
 Windows 10 , 64 bit Build 19041 (10.0.19041.4597)
OS uptime: 23 days 21:33 hours
Hyper-V role detected

CPU: total 8 (initial active 8) (4 cores per cpu, 2 threads per core) family 6 model 140 stepping 1 microcode 0x86, cx8, cmov, fxsr, ht, mmx, 3dnowpref, sse, sse2, sse3, ssse3, sse4.1, sse4.2, popcnt, lzcnt, tsc, tscinvbit, avx, avx2, aes, erms, clmul, bmi1, bmi2, adx, avx512f, avx512dq, avx512cd, avx512bw, avx512vl, sha, fma, vzeroupper, avx512_vpopcntdq, avx512_vpclmulqdq, avx512_vaes, avx512_vnni, clflush, clflushopt, clwb, avx512_vbmi2, avx512_vbmi, hv
Processor Information for all 8 processors :
  Max Mhz: 2803, Current Mhz: 2803, Mhz Limit: 2803

Memory: 4k page, system-wide physical 7975M (117M free)
TotalPageFile size 32551M (AvailPageFile size 8M)
current process WorkingSet (physical memory assigned to process): 28M, peak: 117M
current process commit charge ("private bytes"): 243M, peak: 292M

vm_info: OpenJDK 64-Bit Server VM (17.0.10+1-b1087.23) for windows-amd64 JRE (17.0.10+1-b1087.23), built on 2024-03-18 by "builduser" with MS VC++ 16.10 / 16.11 (VS2019)

END.
